{"/home/travis/build/npmtest/node-npmtest-deep-diff/test.js":{"path":"/home/travis/build/npmtest/node-npmtest-deep-diff/test.js","s":{"1":2,"2":2,"3":2,"4":2,"5":2,"6":2,"7":2,"8":1,"9":2,"10":2,"11":1,"12":1,"13":1,"14":1,"15":2,"16":2,"17":2,"18":2,"19":1,"20":1,"21":2,"22":2,"23":2,"24":1,"25":1,"26":1,"27":1,"28":1,"29":1,"30":1,"31":1,"32":1,"33":1,"34":1,"35":1,"36":1,"37":2,"38":2,"39":1,"40":2,"41":2,"42":1,"43":2,"44":2,"45":1,"46":2,"47":2,"48":1,"49":1,"50":1,"51":1,"52":1},"b":{"1":[2,1,1,1],"2":[1,1,1,1],"3":[1,1],"4":[1,1],"5":[1,1],"6":[1,1],"7":[1,1],"8":[1,1],"9":[1,1,1],"10":[1,1],"11":[1,1],"12":[1,1],"13":[1,1],"14":[1,1],"15":[1,1],"16":[1,1]},"f":{"1":2,"2":2,"3":2,"4":2,"5":2,"6":1,"7":1,"8":2,"9":2,"10":2,"11":2,"12":1},"fnMap":{"1":{"name":"(anonymous_1)","line":12,"loc":{"start":{"line":12,"column":1},"end":{"line":12,"column":13}}},"2":{"name":"(anonymous_2)","line":19,"loc":{"start":{"line":19,"column":5},"end":{"line":19,"column":17}}},"3":{"name":"(anonymous_3)","line":23,"loc":{"start":{"line":23,"column":24},"end":{"line":23,"column":36}}},"4":{"name":"(anonymous_4)","line":61,"loc":{"start":{"line":61,"column":5},"end":{"line":61,"column":17}}},"5":{"name":"(anonymous_5)","line":82,"loc":{"start":{"line":82,"column":5},"end":{"line":82,"column":17}}},"6":{"name":"(anonymous_6)","line":102,"loc":{"start":{"line":102,"column":83},"end":{"line":105,"column":10}},"skip":true},"7":{"name":"(anonymous_7)","line":113,"loc":{"start":{"line":113,"column":77},"end":{"line":116,"column":10}},"skip":true},"8":{"name":"(anonymous_8)","line":129,"loc":{"start":{"line":129,"column":12},"end":{"line":129,"column":40}},"skip":true},"9":{"name":"(anonymous_9)","line":137,"loc":{"start":{"line":137,"column":77},"end":{"line":140,"column":10}},"skip":true},"10":{"name":"(anonymous_10)","line":148,"loc":{"start":{"line":148,"column":83},"end":{"line":151,"column":10}},"skip":true},"11":{"name":"(anonymous_11)","line":159,"loc":{"start":{"line":159,"column":79},"end":{"line":162,"column":10}},"skip":true},"12":{"name":"(anonymous_12)","line":170,"loc":{"start":{"line":170,"column":75},"end":{"line":173,"column":10}},"skip":true}},"statementMap":{"1":{"start":{"line":12,"column":0},"end":{"line":185,"column":5}},"2":{"start":{"line":14,"column":4},"end":{"line":14,"column":14}},"3":{"start":{"line":19,"column":4},"end":{"line":56,"column":9}},"4":{"start":{"line":21,"column":8},"end":{"line":21,"column":19}},"5":{"start":{"line":23,"column":8},"end":{"line":35,"column":13}},"6":{"start":{"line":24,"column":12},"end":{"line":34,"column":13}},"7":{"start":{"line":25,"column":16},"end":{"line":28,"column":30}},"8":{"start":{"line":30,"column":16},"end":{"line":33,"column":27}},"9":{"start":{"line":37,"column":8},"end":{"line":39,"column":21}},"10":{"start":{"line":40,"column":8},"end":{"line":53,"column":9}},"11":{"start":{"line":43,"column":12},"end":{"line":46,"column":14}},"12":{"start":{"line":47,"column":12},"end":{"line":47,"column":18}},"13":{"start":{"line":50,"column":12},"end":{"line":51,"column":46}},"14":{"start":{"line":52,"column":12},"end":{"line":52,"column":18}},"15":{"start":{"line":55,"column":8},"end":{"line":55,"column":35}},"16":{"start":{"line":61,"column":4},"end":{"line":63,"column":9}},"17":{"start":{"line":62,"column":8},"end":{"line":62,"column":15}},"18":{"start":{"line":64,"column":4},"end":{"line":77,"column":5}},"19":{"start":{"line":70,"column":8},"end":{"line":70,"column":14}},"20":{"start":{"line":76,"column":8},"end":{"line":76,"column":14}},"21":{"start":{"line":82,"column":4},"end":{"line":84,"column":9}},"22":{"start":{"line":83,"column":8},"end":{"line":83,"column":15}},"23":{"start":{"line":85,"column":4},"end":{"line":184,"column":5}},"24":{"start":{"line":92,"column":8},"end":{"line":94,"column":63}},"25":{"start":{"line":95,"column":8},"end":{"line":95,"column":14}},"26":{"start":{"line":102,"column":8},"end":{"line":111,"column":10},"skip":true},"27":{"start":{"line":109,"column":12},"end":{"line":109,"column":55},"skip":true},"28":{"start":{"line":110,"column":12},"end":{"line":110,"column":48},"skip":true},"29":{"start":{"line":113,"column":8},"end":{"line":126,"column":10},"skip":true},"30":{"start":{"line":120,"column":12},"end":{"line":120,"column":76},"skip":true},"31":{"start":{"line":121,"column":12},"end":{"line":121,"column":73},"skip":true},"32":{"start":{"line":122,"column":12},"end":{"line":122,"column":74},"skip":true},"33":{"start":{"line":123,"column":12},"end":{"line":123,"column":79},"skip":true},"34":{"start":{"line":124,"column":12},"end":{"line":124,"column":25},"skip":true},"35":{"start":{"line":125,"column":12},"end":{"line":125,"column":45},"skip":true},"36":{"start":{"line":128,"column":8},"end":{"line":135,"column":14},"skip":true},"37":{"start":{"line":133,"column":16},"end":{"line":133,"column":29},"skip":true},"38":{"start":{"line":134,"column":16},"end":{"line":134,"column":55},"skip":true},"39":{"start":{"line":137,"column":8},"end":{"line":146,"column":10},"skip":true},"40":{"start":{"line":144,"column":12},"end":{"line":144,"column":25},"skip":true},"41":{"start":{"line":145,"column":12},"end":{"line":145,"column":45},"skip":true},"42":{"start":{"line":148,"column":8},"end":{"line":157,"column":10},"skip":true},"43":{"start":{"line":155,"column":12},"end":{"line":155,"column":25},"skip":true},"44":{"start":{"line":156,"column":12},"end":{"line":156,"column":48},"skip":true},"45":{"start":{"line":159,"column":8},"end":{"line":168,"column":10},"skip":true},"46":{"start":{"line":166,"column":12},"end":{"line":166,"column":25},"skip":true},"47":{"start":{"line":167,"column":12},"end":{"line":167,"column":46},"skip":true},"48":{"start":{"line":170,"column":8},"end":{"line":179,"column":10},"skip":true},"49":{"start":{"line":177,"column":12},"end":{"line":177,"column":94},"skip":true},"50":{"start":{"line":178,"column":12},"end":{"line":178,"column":48},"skip":true},"51":{"start":{"line":182,"column":8},"end":{"line":182,"column":35},"skip":true},"52":{"start":{"line":183,"column":8},"end":{"line":183,"column":14},"skip":true}},"branchMap":{"1":{"line":25,"type":"binary-expr","locations":[{"start":{"line":25,"column":23},"end":{"line":25,"column":62}},{"start":{"line":26,"column":20},"end":{"line":26,"column":70}},{"start":{"line":27,"column":20},"end":{"line":27,"column":71}},{"start":{"line":28,"column":20},"end":{"line":28,"column":29}}]},"2":{"line":30,"type":"binary-expr","locations":[{"start":{"line":30,"column":23},"end":{"line":30,"column":37}},{"start":{"line":31,"column":20},"end":{"line":31,"column":61}},{"start":{"line":32,"column":20},"end":{"line":32,"column":70}},{"start":{"line":33,"column":20},"end":{"line":33,"column":26}}]},"3":{"line":37,"type":"cond-expr","locations":[{"start":{"line":38,"column":14},"end":{"line":38,"column":20}},{"start":{"line":39,"column":14},"end":{"line":39,"column":20}}]},"4":{"line":40,"type":"switch","locations":[{"start":{"line":42,"column":8},"end":{"line":47,"column":18}},{"start":{"line":49,"column":8},"end":{"line":52,"column":18}}]},"5":{"line":44,"type":"binary-expr","locations":[{"start":{"line":44,"column":16},"end":{"line":44,"column":44}},{"start":{"line":44,"column":48},"end":{"line":44,"column":66}}]},"6":{"line":50,"type":"binary-expr","locations":[{"start":{"line":50,"column":21},"end":{"line":50,"column":49}},{"start":{"line":50,"column":53},"end":{"line":50,"column":72}}]},"7":{"line":64,"type":"switch","locations":[{"start":{"line":69,"column":4},"end":{"line":70,"column":14}},{"start":{"line":75,"column":4},"end":{"line":76,"column":14}}]},"8":{"line":85,"type":"switch","locations":[{"start":{"line":90,"column":4},"end":{"line":95,"column":14}},{"start":{"line":101,"column":4},"end":{"line":183,"column":14},"skip":true}]},"9":{"line":92,"type":"binary-expr","locations":[{"start":{"line":92,"column":18},"end":{"line":92,"column":32}},{"start":{"line":93,"column":12},"end":{"line":93,"column":53}},{"start":{"line":94,"column":12},"end":{"line":94,"column":61}}]},"10":{"line":102,"type":"binary-expr","locations":[{"start":{"line":102,"column":45},"end":{"line":102,"column":79},"skip":true},{"start":{"line":102,"column":83},"end":{"line":111,"column":9},"skip":true}]},"11":{"line":113,"type":"binary-expr","locations":[{"start":{"line":113,"column":42},"end":{"line":113,"column":73},"skip":true},{"start":{"line":113,"column":77},"end":{"line":126,"column":9},"skip":true}]},"12":{"line":128,"type":"binary-expr","locations":[{"start":{"line":128,"column":48},"end":{"line":128,"column":85},"skip":true},{"start":{"line":129,"column":12},"end":{"line":135,"column":13},"skip":true}]},"13":{"line":137,"type":"binary-expr","locations":[{"start":{"line":137,"column":42},"end":{"line":137,"column":73},"skip":true},{"start":{"line":137,"column":77},"end":{"line":146,"column":9},"skip":true}]},"14":{"line":148,"type":"binary-expr","locations":[{"start":{"line":148,"column":45},"end":{"line":148,"column":79},"skip":true},{"start":{"line":148,"column":83},"end":{"line":157,"column":9},"skip":true}]},"15":{"line":159,"type":"binary-expr","locations":[{"start":{"line":159,"column":43},"end":{"line":159,"column":75},"skip":true},{"start":{"line":159,"column":79},"end":{"line":168,"column":9},"skip":true}]},"16":{"line":170,"type":"binary-expr","locations":[{"start":{"line":170,"column":41},"end":{"line":170,"column":71},"skip":true},{"start":{"line":170,"column":75},"end":{"line":179,"column":9},"skip":true}]}},"code":["/* istanbul instrument in package npmtest_deep_diff */","/*jslint","    bitwise: true,","    browser: true,","    maxerr: 8,","    maxlen: 96,","    node: true,","    nomen: true,","    regexp: true,","    stupid: true","*/","(function () {","    'use strict';","    var local;","","","","    // run shared js-env code - pre-init","    (function () {","        // init local","        local = {};","        // init modeJs","        local.modeJs = (function () {","            try {","                return typeof navigator.userAgent === 'string' &&","                    typeof document.querySelector('body') === 'object' &&","                    typeof XMLHttpRequest.prototype.open === 'function' &&","                    'browser';","            } catch (errorCaughtBrowser) {","                return module.exports &&","                    typeof process.versions.node === 'string' &&","                    typeof require('http').createServer === 'function' &&","                    'node';","            }","        }());","        // init global","        local.global = local.modeJs === 'browser'","            ? window","            : global;","        switch (local.modeJs) {","        // re-init local from window.local","        case 'browser':","            local = local.global.utility2.objectSetDefault(","                local.global.utility2_rollup || local.global.local,","                local.global.utility2","            );","            break;","        // re-init local from example.js","        case 'node':","            local = (local.global.utility2_rollup || require('utility2'))","                .requireExampleJsFromReadme();","            break;","        }","        // export local","        local.global.local = local;","    }());","","","","    // run shared js-env code - function","    (function () {","        return;","    }());","    switch (local.modeJs) {","","","","    // run browser js-env code - function","    case 'browser':","        break;","","","","    // run node js-env code - function","    case 'node':","        break;","    }","","","","    // run shared js-env code - post-init","    (function () {","        return;","    }());","    switch (local.modeJs) {","","","","    // run browser js-env code - post-init","    case 'browser':","        // run tests","        local.nop(local.modeTest &&","            document.querySelector('#testRunButton1') &&","            document.querySelector('#testRunButton1').click());","        break;","","","","    // run node js-env code - post-init","    /* istanbul ignore next */","    case 'node':","        local.testCase_buildApidoc_default = local.testCase_buildApidoc_default || function (","            options,","            onError","        ) {","        /*","         * this function will test buildApidoc's default handling-behavior-behavior","         */","            options = { modulePathList: module.paths };","            local.buildApidoc(options, onError);","        };","","        local.testCase_buildApp_default = local.testCase_buildApp_default || function (","            options,","            onError","        ) {","        /*","         * this function will test buildApp's default handling-behavior-behavior","         */","            local.testCase_buildReadme_default(options, local.onErrorThrow);","            local.testCase_buildLib_default(options, local.onErrorThrow);","            local.testCase_buildTest_default(options, local.onErrorThrow);","            local.testCase_buildCustomOrg_default(options, local.onErrorThrow);","            options = [];","            local.buildApp(options, onError);","        };","","        local.testCase_buildCustomOrg_default = local.testCase_buildCustomOrg_default ||","            function (options, onError) {","            /*","             * this function will test buildCustomOrg's default handling-behavior","             */","                options = {};","                local.buildCustomOrg(options, onError);","            };","","        local.testCase_buildLib_default = local.testCase_buildLib_default || function (","            options,","            onError","        ) {","        /*","         * this function will test buildLib's default handling-behavior","         */","            options = {};","            local.buildLib(options, onError);","        };","","        local.testCase_buildReadme_default = local.testCase_buildReadme_default || function (","            options,","            onError","        ) {","        /*","         * this function will test buildReadme's default handling-behavior-behavior","         */","            options = {};","            local.buildReadme(options, onError);","        };","","        local.testCase_buildTest_default = local.testCase_buildTest_default || function (","            options,","            onError","        ) {","        /*","         * this function will test buildTest's default handling-behavior","         */","            options = {};","            local.buildTest(options, onError);","        };","","        local.testCase_webpage_default = local.testCase_webpage_default || function (","            options,","            onError","        ) {","        /*","         * this function will test webpage's default handling-behavior","         */","            options = { modeCoverageMerge: true, url: local.serverLocalHost + '?modeTest=1' };","            local.browserTest(options, onError);","        };","","        // run test-server","        local.testRunServer(local);","        break;","    }","}());",""],"l":{"12":2,"14":2,"19":2,"21":2,"23":2,"24":2,"25":2,"30":1,"37":2,"40":2,"43":1,"47":1,"50":1,"52":1,"55":2,"61":2,"62":2,"64":2,"70":1,"76":1,"82":2,"83":2,"85":2,"92":1,"95":1,"102":1,"109":1,"110":1,"113":1,"120":1,"121":1,"122":1,"123":1,"124":1,"125":1,"128":1,"133":2,"134":2,"137":1,"144":2,"145":2,"148":1,"155":2,"156":2,"159":1,"166":2,"167":2,"170":1,"177":1,"178":1,"182":1,"183":1}},"/home/travis/build/npmtest/node-npmtest-deep-diff/lib.npmtest_deep_diff.js":{"path":"/home/travis/build/npmtest/node-npmtest-deep-diff/lib.npmtest_deep_diff.js","s":{"1":2,"2":2,"3":2,"4":2,"5":2,"6":2,"7":2,"8":1,"9":2,"10":2,"11":2,"12":2,"13":1,"14":1,"15":1,"16":1},"b":{"1":[2,1,1,1],"2":[1,1,1,1],"3":[1,1],"4":[2,2],"5":[1,1]},"f":{"1":2,"2":2,"3":2},"fnMap":{"1":{"name":"(anonymous_1)","line":12,"loc":{"start":{"line":12,"column":1},"end":{"line":12,"column":13}}},"2":{"name":"(anonymous_2)","line":19,"loc":{"start":{"line":19,"column":5},"end":{"line":19,"column":17}}},"3":{"name":"(anonymous_3)","line":23,"loc":{"start":{"line":23,"column":24},"end":{"line":23,"column":36}}}},"statementMap":{"1":{"start":{"line":12,"column":0},"end":{"line":53,"column":5}},"2":{"start":{"line":14,"column":4},"end":{"line":14,"column":14}},"3":{"start":{"line":19,"column":4},"end":{"line":52,"column":9}},"4":{"start":{"line":21,"column":8},"end":{"line":21,"column":19}},"5":{"start":{"line":23,"column":8},"end":{"line":35,"column":13}},"6":{"start":{"line":24,"column":12},"end":{"line":34,"column":13}},"7":{"start":{"line":25,"column":16},"end":{"line":28,"column":30}},"8":{"start":{"line":30,"column":16},"end":{"line":33,"column":27}},"9":{"start":{"line":37,"column":8},"end":{"line":39,"column":21}},"10":{"start":{"line":41,"column":8},"end":{"line":41,"column":54}},"11":{"start":{"line":43,"column":8},"end":{"line":43,"column":54}},"12":{"start":{"line":45,"column":8},"end":{"line":51,"column":9}},"13":{"start":{"line":46,"column":12},"end":{"line":46,"column":60}},"14":{"start":{"line":48,"column":12},"end":{"line":48,"column":35}},"15":{"start":{"line":49,"column":12},"end":{"line":49,"column":49}},"16":{"start":{"line":50,"column":12},"end":{"line":50,"column":43}}},"branchMap":{"1":{"line":25,"type":"binary-expr","locations":[{"start":{"line":25,"column":23},"end":{"line":25,"column":62}},{"start":{"line":26,"column":20},"end":{"line":26,"column":70}},{"start":{"line":27,"column":20},"end":{"line":27,"column":71}},{"start":{"line":28,"column":20},"end":{"line":28,"column":29}}]},"2":{"line":30,"type":"binary-expr","locations":[{"start":{"line":30,"column":23},"end":{"line":30,"column":37}},{"start":{"line":31,"column":20},"end":{"line":31,"column":61}},{"start":{"line":32,"column":20},"end":{"line":32,"column":70}},{"start":{"line":33,"column":20},"end":{"line":33,"column":26}}]},"3":{"line":37,"type":"cond-expr","locations":[{"start":{"line":38,"column":14},"end":{"line":38,"column":20}},{"start":{"line":39,"column":14},"end":{"line":39,"column":20}}]},"4":{"line":41,"type":"binary-expr","locations":[{"start":{"line":41,"column":16},"end":{"line":41,"column":44}},{"start":{"line":41,"column":48},"end":{"line":41,"column":53}}]},"5":{"line":45,"type":"if","locations":[{"start":{"line":45,"column":8},"end":{"line":45,"column":8}},{"start":{"line":45,"column":8},"end":{"line":45,"column":8}}]}},"code":["/* istanbul instrument in package npmtest_deep_diff */","/*jslint","    bitwise: true,","    browser: true,","    maxerr: 8,","    maxlen: 96,","    node: true,","    nomen: true,","    regexp: true,","    stupid: true","*/","(function () {","    'use strict';","    var local;","","","","    // run shared js-env code - pre-init","    (function () {","        // init local","        local = {};","        // init modeJs","        local.modeJs = (function () {","            try {","                return typeof navigator.userAgent === 'string' &&","                    typeof document.querySelector('body') === 'object' &&","                    typeof XMLHttpRequest.prototype.open === 'function' &&","                    'browser';","            } catch (errorCaughtBrowser) {","                return module.exports &&","                    typeof process.versions.node === 'string' &&","                    typeof require('http').createServer === 'function' &&","                    'node';","            }","        }());","        // init global","        local.global = local.modeJs === 'browser'","            ? window","            : global;","        // init utility2_rollup","        local = local.global.utility2_rollup || local;","        // init lib","        local.local = local.npmtest_deep_diff = local;","        // init exports","        if (local.modeJs === 'browser') {","            local.global.utility2_npmtest_deep_diff = local;","        } else {","            module.exports = local;","            module.exports.__dirname = __dirname;","            module.exports.module = module;","        }","    }());","}());",""],"l":{"12":2,"14":2,"19":2,"21":2,"23":2,"24":2,"25":2,"30":1,"37":2,"41":2,"43":2,"45":2,"46":1,"48":1,"49":1,"50":1}},"/home/travis/build/npmtest/node-npmtest-deep-diff/example.js":{"path":"/home/travis/build/npmtest/node-npmtest-deep-diff/example.js","s":{"1":2,"2":2,"3":2,"4":2,"5":2,"6":2,"7":2,"8":1,"9":2,"10":2,"11":2,"12":2,"13":1,"14":2,"15":2,"16":2,"17":2,"18":2,"19":0,"20":2,"21":1,"22":1,"23":1,"24":1,"25":1,"26":0,"27":0,"28":1,"29":1,"30":2,"31":0,"32":0,"33":0,"34":1,"35":2,"36":2,"37":2,"38":2,"39":2,"40":2,"41":0,"42":2,"43":2,"44":2,"45":1,"46":3,"47":1,"48":1,"49":1,"50":1,"51":1,"52":1,"53":1,"54":1,"55":1,"56":1,"57":0,"58":1,"59":6,"60":6,"61":1,"62":2,"63":0,"64":2,"65":1,"66":1,"67":0,"68":0,"69":0,"70":0,"71":0,"72":0,"73":0,"74":0,"75":0,"76":0,"77":0,"78":0,"79":0,"80":0,"81":0,"82":0,"83":0},"b":{"1":[2,1,1,1],"2":[1,1,1,1],"3":[1,1],"4":[2,2],"5":[1,1],"6":[1,1],"7":[2,0],"8":[2,1,1,1,1,1],"9":[0,2,0],"10":[1,1],"11":[2,1,1],"12":[1,0],"13":[0,2],"14":[2,0,0,0,0,0,0],"15":[0,2],"16":[2,0],"17":[1,1],"18":[0,1],"19":[1,2,0,2],"20":[1,0],"21":[1,1],"22":[0,0],"23":[0,0],"24":[0,0],"25":[0,0],"26":[0,0],"27":[0,0],"28":[0,0]},"f":{"1":2,"2":2,"3":2,"4":2,"5":2,"6":2,"7":2,"8":2,"9":3,"10":1,"11":6,"12":0},"fnMap":{"1":{"name":"(anonymous_1)","line":26,"loc":{"start":{"line":26,"column":1},"end":{"line":26,"column":13}}},"2":{"name":"(anonymous_2)","line":33,"loc":{"start":{"line":33,"column":5},"end":{"line":33,"column":17}}},"3":{"name":"(anonymous_3)","line":37,"loc":{"start":{"line":37,"column":24},"end":{"line":37,"column":36}}},"4":{"name":"(anonymous_4)","line":69,"loc":{"start":{"line":69,"column":31},"end":{"line":69,"column":48}},"skip":true},"5":{"name":"(anonymous_5)","line":78,"loc":{"start":{"line":78,"column":26},"end":{"line":78,"column":45}},"skip":true},"6":{"name":"(anonymous_6)","line":123,"loc":{"start":{"line":123,"column":33},"end":{"line":123,"column":48}},"skip":true},"7":{"name":"(anonymous_7)","line":125,"loc":{"start":{"line":125,"column":27},"end":{"line":125,"column":39}},"skip":true},"8":{"name":"(anonymous_8)","line":133,"loc":{"start":{"line":133,"column":59},"end":{"line":133,"column":74}},"skip":true},"9":{"name":"(anonymous_9)","line":143,"loc":{"start":{"line":143,"column":45},"end":{"line":143,"column":62}},"skip":true},"10":{"name":"(anonymous_10)","line":144,"loc":{"start":{"line":144,"column":73},"end":{"line":144,"column":92}},"skip":true},"11":{"name":"(anonymous_11)","line":272,"loc":{"start":{"line":272,"column":51},"end":{"line":272,"column":77}},"skip":true},"12":{"name":"(anonymous_12)","line":314,"loc":{"start":{"line":314,"column":32},"end":{"line":314,"column":61}},"skip":true}},"statementMap":{"1":{"start":{"line":26,"column":0},"end":{"line":325,"column":5}},"2":{"start":{"line":28,"column":4},"end":{"line":28,"column":14}},"3":{"start":{"line":33,"column":4},"end":{"line":60,"column":9}},"4":{"start":{"line":35,"column":8},"end":{"line":35,"column":19}},"5":{"start":{"line":37,"column":8},"end":{"line":49,"column":13}},"6":{"start":{"line":38,"column":12},"end":{"line":48,"column":13}},"7":{"start":{"line":39,"column":16},"end":{"line":42,"column":30}},"8":{"start":{"line":44,"column":16},"end":{"line":47,"column":27}},"9":{"start":{"line":51,"column":8},"end":{"line":53,"column":21}},"10":{"start":{"line":55,"column":8},"end":{"line":57,"column":45}},"11":{"start":{"line":59,"column":8},"end":{"line":59,"column":35}},"12":{"start":{"line":61,"column":4},"end":{"line":324,"column":5}},"13":{"start":{"line":69,"column":8},"end":{"line":121,"column":10},"skip":true},"14":{"start":{"line":70,"column":12},"end":{"line":88,"column":13},"skip":true},"15":{"start":{"line":76,"column":16},"end":{"line":87,"column":19},"skip":true},"16":{"start":{"line":79,"column":20},"end":{"line":86,"column":21},"skip":true},"17":{"start":{"line":82,"column":24},"end":{"line":82,"column":43},"skip":true},"18":{"start":{"line":83,"column":24},"end":{"line":83,"column":30},"skip":true},"19":{"start":{"line":85,"column":24},"end":{"line":85,"column":49},"skip":true},"20":{"start":{"line":89,"column":12},"end":{"line":107,"column":13},"skip":true},"21":{"start":{"line":92,"column":16},"end":{"line":102,"column":17},"skip":true},"22":{"start":{"line":93,"column":20},"end":{"line":93,"column":86},"skip":true},"23":{"start":{"line":94,"column":20},"end":{"line":95,"column":45},"skip":true},"24":{"start":{"line":96,"column":20},"end":{"line":96,"column":42},"skip":true},"25":{"start":{"line":97,"column":20},"end":{"line":97,"column":48},"skip":true},"26":{"start":{"line":100,"column":20},"end":{"line":100,"column":85},"skip":true},"27":{"start":{"line":101,"column":20},"end":{"line":101,"column":96},"skip":true},"28":{"start":{"line":103,"column":16},"end":{"line":103,"column":22},"skip":true},"29":{"start":{"line":106,"column":16},"end":{"line":106,"column":22},"skip":true},"30":{"start":{"line":108,"column":12},"end":{"line":120,"column":13},"skip":true},"31":{"start":{"line":114,"column":16},"end":{"line":119,"column":17},"skip":true},"32":{"start":{"line":116,"column":20},"end":{"line":116,"column":78},"skip":true},"33":{"start":{"line":118,"column":20},"end":{"line":118,"column":53},"skip":true},"34":{"start":{"line":123,"column":8},"end":{"line":141,"column":11},"skip":true},"35":{"start":{"line":124,"column":12},"end":{"line":124,"column":54},"skip":true},"36":{"start":{"line":125,"column":12},"end":{"line":140,"column":14},"skip":true},"37":{"start":{"line":126,"column":16},"end":{"line":126,"column":28},"skip":true},"38":{"start":{"line":127,"column":16},"end":{"line":127,"column":69},"skip":true},"39":{"start":{"line":128,"column":16},"end":{"line":128,"column":75},"skip":true},"40":{"start":{"line":129,"column":16},"end":{"line":131,"column":17},"skip":true},"41":{"start":{"line":130,"column":20},"end":{"line":130,"column":27},"skip":true},"42":{"start":{"line":133,"column":16},"end":{"line":137,"column":36},"skip":true},"43":{"start":{"line":134,"column":20},"end":{"line":136,"column":55},"skip":true},"44":{"start":{"line":139,"column":16},"end":{"line":139,"column":57},"skip":true},"45":{"start":{"line":143,"column":8},"end":{"line":147,"column":11},"skip":true},"46":{"start":{"line":144,"column":12},"end":{"line":146,"column":15},"skip":true},"47":{"start":{"line":145,"column":16},"end":{"line":145,"column":70},"skip":true},"48":{"start":{"line":149,"column":8},"end":{"line":149,"column":31},"skip":true},"49":{"start":{"line":150,"column":8},"end":{"line":150,"column":14},"skip":true},"50":{"start":{"line":158,"column":8},"end":{"line":158,"column":31},"skip":true},"51":{"start":{"line":160,"column":8},"end":{"line":160,"column":33},"skip":true},"52":{"start":{"line":161,"column":8},"end":{"line":161,"column":37},"skip":true},"53":{"start":{"line":162,"column":8},"end":{"line":162,"column":35},"skip":true},"54":{"start":{"line":164,"column":8},"end":{"line":164,"column":50},"skip":true},"55":{"start":{"line":166,"column":8},"end":{"line":256,"column":2},"skip":true},"56":{"start":{"line":258,"column":8},"end":{"line":286,"column":9},"skip":true},"57":{"start":{"line":259,"column":12},"end":{"line":269,"column":14},"skip":true},"58":{"start":{"line":271,"column":12},"end":{"line":285,"column":19},"skip":true},"59":{"start":{"line":274,"column":20},"end":{"line":274,"column":35},"skip":true},"60":{"start":{"line":275,"column":20},"end":{"line":284,"column":21},"skip":true},"61":{"start":{"line":277,"column":24},"end":{"line":277,"column":64},"skip":true},"62":{"start":{"line":279,"column":24},"end":{"line":279,"column":40},"skip":true},"63":{"start":{"line":281,"column":24},"end":{"line":281,"column":40},"skip":true},"64":{"start":{"line":283,"column":24},"end":{"line":283,"column":39},"skip":true},"65":{"start":{"line":288,"column":8},"end":{"line":290,"column":9},"skip":true},"66":{"start":{"line":289,"column":12},"end":{"line":289,"column":18},"skip":true},"67":{"start":{"line":291,"column":8},"end":{"line":293,"column":54},"skip":true},"68":{"start":{"line":294,"column":8},"end":{"line":301,"column":37},"skip":true},"69":{"start":{"line":302,"column":8},"end":{"line":302,"column":82},"skip":true},"70":{"start":{"line":305,"column":8},"end":{"line":307,"column":9},"skip":true},"71":{"start":{"line":306,"column":12},"end":{"line":306,"column":82},"skip":true},"72":{"start":{"line":309,"column":8},"end":{"line":311,"column":9},"skip":true},"73":{"start":{"line":310,"column":12},"end":{"line":310,"column":18},"skip":true},"74":{"start":{"line":312,"column":8},"end":{"line":312,"column":54},"skip":true},"75":{"start":{"line":313,"column":8},"end":{"line":313,"column":69},"skip":true},"76":{"start":{"line":314,"column":8},"end":{"line":322,"column":36},"skip":true},"77":{"start":{"line":315,"column":12},"end":{"line":315,"column":61},"skip":true},"78":{"start":{"line":316,"column":12},"end":{"line":319,"column":13},"skip":true},"79":{"start":{"line":317,"column":16},"end":{"line":317,"column":75},"skip":true},"80":{"start":{"line":318,"column":16},"end":{"line":318,"column":23},"skip":true},"81":{"start":{"line":320,"column":12},"end":{"line":320,"column":38},"skip":true},"82":{"start":{"line":321,"column":12},"end":{"line":321,"column":27},"skip":true},"83":{"start":{"line":323,"column":8},"end":{"line":323,"column":14},"skip":true}},"branchMap":{"1":{"line":39,"type":"binary-expr","locations":[{"start":{"line":39,"column":23},"end":{"line":39,"column":62}},{"start":{"line":40,"column":20},"end":{"line":40,"column":70}},{"start":{"line":41,"column":20},"end":{"line":41,"column":71}},{"start":{"line":42,"column":20},"end":{"line":42,"column":29}}]},"2":{"line":44,"type":"binary-expr","locations":[{"start":{"line":44,"column":23},"end":{"line":44,"column":37}},{"start":{"line":45,"column":20},"end":{"line":45,"column":61}},{"start":{"line":46,"column":20},"end":{"line":46,"column":70}},{"start":{"line":47,"column":20},"end":{"line":47,"column":26}}]},"3":{"line":51,"type":"cond-expr","locations":[{"start":{"line":52,"column":14},"end":{"line":52,"column":20}},{"start":{"line":53,"column":14},"end":{"line":53,"column":20}}]},"4":{"line":55,"type":"binary-expr","locations":[{"start":{"line":55,"column":16},"end":{"line":55,"column":44}},{"start":{"line":55,"column":49},"end":{"line":57,"column":43}}]},"5":{"line":55,"type":"cond-expr","locations":[{"start":{"line":56,"column":14},"end":{"line":56,"column":53}},{"start":{"line":57,"column":14},"end":{"line":57,"column":43}}]},"6":{"line":61,"type":"switch","locations":[{"start":{"line":68,"column":4},"end":{"line":150,"column":14},"skip":true},{"start":{"line":156,"column":4},"end":{"line":323,"column":14},"skip":true}]},"7":{"line":70,"type":"if","locations":[{"start":{"line":70,"column":12},"end":{"line":70,"column":12},"skip":true},{"start":{"line":70,"column":12},"end":{"line":70,"column":12},"skip":true}]},"8":{"line":70,"type":"binary-expr","locations":[{"start":{"line":70,"column":16},"end":{"line":70,"column":22},"skip":true},{"start":{"line":70,"column":27},"end":{"line":70,"column":32},"skip":true},{"start":{"line":71,"column":20},"end":{"line":71,"column":39},"skip":true},{"start":{"line":72,"column":20},"end":{"line":72,"column":49},"skip":true},{"start":{"line":73,"column":20},"end":{"line":73,"column":58},"skip":true},{"start":{"line":74,"column":20},"end":{"line":74,"column":69},"skip":true}]},"9":{"line":79,"type":"switch","locations":[{"start":{"line":80,"column":20},"end":{"line":80,"column":33},"skip":true},{"start":{"line":81,"column":20},"end":{"line":83,"column":30},"skip":true},{"start":{"line":84,"column":20},"end":{"line":85,"column":49},"skip":true}]},"10":{"line":89,"type":"switch","locations":[{"start":{"line":90,"column":12},"end":{"line":103,"column":22},"skip":true},{"start":{"line":105,"column":12},"end":{"line":106,"column":22},"skip":true}]},"11":{"line":89,"type":"binary-expr","locations":[{"start":{"line":89,"column":20},"end":{"line":89,"column":25},"skip":true},{"start":{"line":89,"column":29},"end":{"line":89,"column":48},"skip":true},{"start":{"line":89,"column":52},"end":{"line":89,"column":74},"skip":true}]},"12":{"line":92,"type":"if","locations":[{"start":{"line":92,"column":16},"end":{"line":92,"column":16},"skip":true},{"start":{"line":92,"column":16},"end":{"line":92,"column":16},"skip":true}]},"13":{"line":108,"type":"if","locations":[{"start":{"line":108,"column":12},"end":{"line":108,"column":12},"skip":true},{"start":{"line":108,"column":12},"end":{"line":108,"column":12},"skip":true}]},"14":{"line":108,"type":"binary-expr","locations":[{"start":{"line":108,"column":16},"end":{"line":108,"column":61},"skip":true},{"start":{"line":108,"column":66},"end":{"line":108,"column":72},"skip":true},{"start":{"line":108,"column":77},"end":{"line":108,"column":82},"skip":true},{"start":{"line":109,"column":20},"end":{"line":109,"column":39},"skip":true},{"start":{"line":110,"column":20},"end":{"line":110,"column":49},"skip":true},{"start":{"line":111,"column":20},"end":{"line":111,"column":58},"skip":true},{"start":{"line":112,"column":20},"end":{"line":112,"column":68},"skip":true}]},"15":{"line":129,"type":"if","locations":[{"start":{"line":129,"column":16},"end":{"line":129,"column":16},"skip":true},{"start":{"line":129,"column":16},"end":{"line":129,"column":16},"skip":true}]},"16":{"line":134,"type":"cond-expr","locations":[{"start":{"line":135,"column":26},"end":{"line":135,"column":29},"skip":true},{"start":{"line":136,"column":26},"end":{"line":136,"column":54},"skip":true}]},"17":{"line":164,"type":"binary-expr","locations":[{"start":{"line":164,"column":27},"end":{"line":164,"column":43},"skip":true},{"start":{"line":164,"column":47},"end":{"line":164,"column":49},"skip":true}]},"18":{"line":258,"type":"if","locations":[{"start":{"line":258,"column":8},"end":{"line":258,"column":8},"skip":true},{"start":{"line":258,"column":8},"end":{"line":258,"column":8},"skip":true}]},"19":{"line":275,"type":"switch","locations":[{"start":{"line":276,"column":20},"end":{"line":277,"column":64},"skip":true},{"start":{"line":278,"column":20},"end":{"line":279,"column":40},"skip":true},{"start":{"line":280,"column":20},"end":{"line":281,"column":40},"skip":true},{"start":{"line":282,"column":20},"end":{"line":283,"column":39},"skip":true}]},"20":{"line":288,"type":"if","locations":[{"start":{"line":288,"column":8},"end":{"line":288,"column":8},"skip":true},{"start":{"line":288,"column":8},"end":{"line":288,"column":8},"skip":true}]},"21":{"line":288,"type":"binary-expr","locations":[{"start":{"line":288,"column":12},"end":{"line":288,"column":40},"skip":true},{"start":{"line":288,"column":44},"end":{"line":288,"column":67},"skip":true}]},"22":{"line":292,"type":"binary-expr","locations":[{"start":{"line":292,"column":12},"end":{"line":292,"column":50},"skip":true},{"start":{"line":293,"column":12},"end":{"line":293,"column":53},"skip":true}]},"23":{"line":295,"type":"binary-expr","locations":[{"start":{"line":295,"column":12},"end":{"line":295,"column":67},"skip":true},{"start":{"line":296,"column":12},"end":{"line":301,"column":36},"skip":true}]},"24":{"line":302,"type":"binary-expr","locations":[{"start":{"line":302,"column":43},"end":{"line":302,"column":75},"skip":true},{"start":{"line":302,"column":79},"end":{"line":302,"column":81},"skip":true}]},"25":{"line":305,"type":"if","locations":[{"start":{"line":305,"column":8},"end":{"line":305,"column":8},"skip":true},{"start":{"line":305,"column":8},"end":{"line":305,"column":8},"skip":true}]},"26":{"line":309,"type":"if","locations":[{"start":{"line":309,"column":8},"end":{"line":309,"column":8},"skip":true},{"start":{"line":309,"column":8},"end":{"line":309,"column":8},"skip":true}]},"27":{"line":312,"type":"binary-expr","locations":[{"start":{"line":312,"column":27},"end":{"line":312,"column":43},"skip":true},{"start":{"line":312,"column":47},"end":{"line":312,"column":53},"skip":true}]},"28":{"line":316,"type":"if","locations":[{"start":{"line":316,"column":12},"end":{"line":316,"column":12},"skip":true},{"start":{"line":316,"column":12},"end":{"line":316,"column":12},"skip":true}]}},"code":["/*","example.js","","quickstart example","","instruction","    1. save this script as example.js","    2. run the shell command:","        $ npm install npmtest-deep-diff && PORT=8081 node example.js","    3. play with the browser-demo on http://127.0.0.1:8081","*/","","","","/* istanbul instrument in package npmtest_deep_diff */","/*jslint","    bitwise: true,","    browser: true,","    maxerr: 8,","    maxlen: 96,","    node: true,","    nomen: true,","    regexp: true,","    stupid: true","*/","(function () {","    'use strict';","    var local;","","","","    // run shared js-env code - pre-init","    (function () {","        // init local","        local = {};","        // init modeJs","        local.modeJs = (function () {","            try {","                return typeof navigator.userAgent === 'string' &&","                    typeof document.querySelector('body') === 'object' &&","                    typeof XMLHttpRequest.prototype.open === 'function' &&","                    'browser';","            } catch (errorCaughtBrowser) {","                return module.exports &&","                    typeof process.versions.node === 'string' &&","                    typeof require('http').createServer === 'function' &&","                    'node';","            }","        }());","        // init global","        local.global = local.modeJs === 'browser'","            ? window","            : global;","        // init utility2_rollup","        local = local.global.utility2_rollup || (local.modeJs === 'browser'","            ? local.global.utility2_npmtest_deep_diff","            : global.utility2_moduleExports);","        // export local","        local.global.local = local;","    }());","    switch (local.modeJs) {","","","","    // post-init","    // run browser js-env code - post-init","    /* istanbul ignore next */","    case 'browser':","        local.testRunBrowser = function (event) {","            if (!event || (event &&","                    event.currentTarget &&","                    event.currentTarget.className &&","                    event.currentTarget.className.includes &&","                    event.currentTarget.className.includes('onreset'))) {","                // reset output","                Array.from(","                    document.querySelectorAll('body > .resettable')","                ).forEach(function (element) {","                    switch (element.tagName) {","                    case 'INPUT':","                    case 'TEXTAREA':","                        element.value = '';","                        break;","                    default:","                        element.textContent = '';","                    }","                });","            }","            switch (event && event.currentTarget && event.currentTarget.id) {","            case 'testRunButton1':","                // show tests","                if (document.querySelector('#testReportDiv1').style.display === 'none') {","                    document.querySelector('#testReportDiv1').style.display = 'block';","                    document.querySelector('#testRunButton1').textContent =","                        'hide internal test';","                    local.modeTest = true;","                    local.testRunDefault(local);","                // hide tests","                } else {","                    document.querySelector('#testReportDiv1').style.display = 'none';","                    document.querySelector('#testRunButton1').textContent = 'run internal test';","                }","                break;","            // custom-case","            default:","                break;","            }","            if (document.querySelector('#inputTextareaEval1') && (!event || (event &&","                    event.currentTarget &&","                    event.currentTarget.className &&","                    event.currentTarget.className.includes &&","                    event.currentTarget.className.includes('oneval')))) {","                // try to eval input-code","                try {","                    /*jslint evil: true*/","                    eval(document.querySelector('#inputTextareaEval1').value);","                } catch (errorCaught) {","                    console.error(errorCaught.stack);","                }","            }","        };","        // log stderr and stdout to #outputTextareaStdout1","        ['error', 'log'].forEach(function (key) {","            console[key + '_original'] = console[key];","            console[key] = function () {","                var element;","                console[key + '_original'].apply(console, arguments);","                element = document.querySelector('#outputTextareaStdout1');","                if (!element) {","                    return;","                }","                // append text to #outputTextareaStdout1","                element.value += Array.from(arguments).map(function (arg) {","                    return typeof arg === 'string'","                        ? arg","                        : JSON.stringify(arg, null, 4);","                }).join(' ') + '\\n';","                // scroll textarea to bottom","                element.scrollTop = element.scrollHeight;","            };","        });","        // init event-handling","        ['change', 'click', 'keyup'].forEach(function (event) {","            Array.from(document.querySelectorAll('.on' + event)).forEach(function (element) {","                element.addEventListener(event, local.testRunBrowser);","            });","        });","        // run tests","        local.testRunBrowser();","        break;","","","","    // run node js-env code - post-init","    /* istanbul ignore next */","    case 'node':","        // export local","        module.exports = local;","        // require modules","        local.fs = require('fs');","        local.http = require('http');","        local.url = require('url');","        // init assets","        local.assetsDict = local.assetsDict || {};","        /* jslint-ignore-begin */","        local.assetsDict['/assets.index.template.html'] = '\\","<!doctype html>\\n\\","<html lang=\"en\">\\n\\","<head>\\n\\","<meta charset=\"UTF-8\">\\n\\","<meta name=\"viewport\" content=\"width=device-width, initial-scale=1\">\\n\\","<title>{{env.npm_package_name}} (v{{env.npm_package_version}})</title>\\n\\","<style>\\n\\","/*csslint\\n\\","    box-sizing: false,\\n\\","    universal-selector: false\\n\\","*/\\n\\","* {\\n\\","    box-sizing: border-box;\\n\\","}\\n\\","body {\\n\\","    background: #dde;\\n\\","    font-family: Arial, Helvetica, sans-serif;\\n\\","    margin: 2rem;\\n\\","}\\n\\","body > * {\\n\\","    margin-bottom: 1rem;\\n\\","}\\n\\",".utility2FooterDiv {\\n\\","    margin-top: 20px;\\n\\","    text-align: center;\\n\\","}\\n\\","</style>\\n\\","<style>\\n\\","/*csslint\\n\\","*/\\n\\","textarea {\\n\\","    font-family: monospace;\\n\\","    height: 10rem;\\n\\","    width: 100%;\\n\\","}\\n\\","textarea[readonly] {\\n\\","    background: #ddd;\\n\\","}\\n\\","</style>\\n\\","</head>\\n\\","<body>\\n\\","<!-- utility2-comment\\n\\","<div id=\"ajaxProgressDiv1\" style=\"background: #d00; height: 2px; left: 0; margin: 0; padding: 0; position: fixed; top: 0; transition: background 0.5s, width 1.5s; width: 25%;\"></div>\\n\\","utility2-comment -->\\n\\","<h1>\\n\\","<!-- utility2-comment\\n\\","    <a\\n\\","        {{#if env.npm_package_homepage}}\\n\\","        href=\"{{env.npm_package_homepage}}\"\\n\\","        {{/if env.npm_package_homepage}}\\n\\","        target=\"_blank\"\\n\\","    >\\n\\","utility2-comment -->\\n\\","        {{env.npm_package_name}} (v{{env.npm_package_version}})\\n\\","<!-- utility2-comment\\n\\","    </a>\\n\\","utility2-comment -->\\n\\","</h1>\\n\\","<h3>{{env.npm_package_description}}</h3>\\n\\","<!-- utility2-comment\\n\\","<h4><a download href=\"assets.app.js\">download standalone app</a></h4>\\n\\","<button class=\"onclick onreset\" id=\"testRunButton1\">run internal test</button><br>\\n\\","<div id=\"testReportDiv1\" style=\"display: none;\"></div>\\n\\","utility2-comment -->\\n\\","\\n\\","\\n\\","\\n\\","<label>stderr and stdout</label>\\n\\","<textarea class=\"resettable\" id=\"outputTextareaStdout1\" readonly></textarea>\\n\\","<!-- utility2-comment\\n\\","{{#if isRollup}}\\n\\","<script src=\"assets.app.js\"></script>\\n\\","{{#unless isRollup}}\\n\\","utility2-comment -->\\n\\","<script src=\"assets.utility2.rollup.js\"></script>\\n\\","<script src=\"jsonp.utility2._stateInit?callback=window.utility2._stateInit\"></script>\\n\\","<script src=\"assets.npmtest_deep_diff.rollup.js\"></script>\\n\\","<script src=\"assets.example.js\"></script>\\n\\","<script src=\"assets.test.js\"></script>\\n\\","<!-- utility2-comment\\n\\","{{/if isRollup}}\\n\\","utility2-comment -->\\n\\","<div class=\"utility2FooterDiv\">\\n\\","    [ this app was created with\\n\\","    <a href=\"https://github.com/kaizhu256/node-utility2\" target=\"_blank\">utility2</a>\\n\\","    ]\\n\\","</div>\\n\\","</body>\\n\\","</html>\\n\\","';","        /* jslint-ignore-end */","        if (local.templateRender) {","            local.assetsDict['/'] = local.templateRender(","                local.assetsDict['/assets.index.template.html'],","                {","                    env: local.objectSetDefault(local.env, {","                        npm_package_description: 'the greatest app in the world!',","                        npm_package_name: 'my-app',","                        npm_package_nameAlias: 'my_app',","                        npm_package_version: '0.0.1'","                    })","                }","            );","        } else {","            local.assetsDict['/'] = local.assetsDict['/assets.index.template.html']","                .replace((/\\{\\{env\\.(\\w+?)\\}\\}/g), function (match0, match1) {","                    // jslint-hack","                    String(match0);","                    switch (match1) {","                    case 'npm_package_description':","                        return 'the greatest app in the world!';","                    case 'npm_package_name':","                        return 'my-app';","                    case 'npm_package_nameAlias':","                        return 'my_app';","                    case 'npm_package_version':","                        return '0.0.1';","                    }","                });","        }","        // run the cli","        if (local.global.utility2_rollup || module !== require.main) {","            break;","        }","        local.assetsDict['/assets.example.js'] =","            local.assetsDict['/assets.example.js'] ||","            local.fs.readFileSync(__filename, 'utf8');","        local.assetsDict['/assets.npmtest_deep_diff.rollup.js'] =","            local.assetsDict['/assets.npmtest_deep_diff.rollup.js'] ||","            local.fs.readFileSync(","                // buildCustomOrg-hack","                local.npmtest_deep_diff.__dirname +","                    '/lib.npmtest_deep_diff.js',","                'utf8'","            ).replace((/^#!/), '//');","        local.assetsDict['/favicon.ico'] = local.assetsDict['/favicon.ico'] || '';","        // if $npm_config_timeout_exit exists,","        // then exit this process after $npm_config_timeout_exit ms","        if (Number(process.env.npm_config_timeout_exit)) {","            setTimeout(process.exit, Number(process.env.npm_config_timeout_exit));","        }","        // start server","        if (local.global.utility2_serverHttp1) {","            break;","        }","        process.env.PORT = process.env.PORT || '8081';","        console.error('server starting on port ' + process.env.PORT);","        local.http.createServer(function (request, response) {","            request.urlParsed = local.url.parse(request.url);","            if (local.assetsDict[request.urlParsed.pathname] !== undefined) {","                response.end(local.assetsDict[request.urlParsed.pathname]);","                return;","            }","            response.statusCode = 404;","            response.end();","        }).listen(process.env.PORT);","        break;","    }","}());",""],"l":{"26":2,"28":2,"33":2,"35":2,"37":2,"38":2,"39":2,"44":1,"51":2,"55":2,"59":2,"61":2,"69":1,"70":2,"76":2,"79":2,"82":2,"83":2,"85":1,"89":2,"92":1,"93":1,"94":1,"96":1,"97":1,"100":1,"101":1,"103":1,"106":1,"108":2,"114":1,"116":1,"118":1,"123":1,"124":2,"125":2,"126":2,"127":2,"128":2,"129":2,"130":1,"133":2,"134":2,"139":2,"143":1,"144":3,"145":1,"149":1,"150":1,"158":1,"160":1,"161":1,"162":1,"164":1,"166":1,"258":1,"259":1,"271":1,"274":6,"275":6,"277":1,"279":2,"281":1,"283":2,"288":1,"289":1,"291":1,"294":1,"302":1,"305":1,"306":1,"309":1,"310":1,"312":1,"313":1,"314":1,"315":1,"316":1,"317":1,"318":1,"320":1,"321":1,"323":1}},"/home/travis/build/npmtest/node-npmtest-deep-diff/deep-diff/index.js":{"path":"/home/travis/build/npmtest/node-npmtest-deep-diff/deep-diff/index.js","s":{"1":1,"2":1,"3":0,"4":0,"5":1,"6":1,"7":0,"8":1,"9":1,"10":1,"11":0,"12":0,"13":0,"14":1,"15":1,"16":0,"17":0,"18":0,"19":0,"20":1,"21":4,"22":4,"23":1,"24":0,"25":0,"26":0,"27":1,"28":0,"29":0,"30":0,"31":1,"32":1,"33":0,"34":0,"35":1,"36":1,"37":0,"38":0,"39":1,"40":1,"41":0,"42":0,"43":0,"44":1,"45":1,"46":0,"47":0,"48":0,"49":0,"50":1,"51":0,"52":0,"53":0,"54":0,"55":0,"56":0,"57":0,"58":0,"59":0,"60":0,"61":0,"62":0,"63":0,"64":0,"65":1,"66":0,"67":0,"68":0,"69":0,"70":0,"71":0,"72":0,"73":0,"74":0,"75":0,"76":0,"77":0,"78":0,"79":0,"80":0,"81":0,"82":0,"83":0,"84":0,"85":0,"86":0,"87":0,"88":0,"89":0,"90":0,"91":0,"92":0,"93":0,"94":0,"95":0,"96":0,"97":0,"98":0,"99":0,"100":0,"101":0,"102":0,"103":0,"104":0,"105":0,"106":0,"107":0,"108":0,"109":0,"110":0,"111":0,"112":0,"113":0,"114":0,"115":0,"116":0,"117":0,"118":0,"119":0,"120":0,"121":1,"122":0,"123":0,"124":0,"125":0,"126":0,"127":1,"128":0,"129":0,"130":0,"131":0,"132":0,"133":0,"134":0,"135":0,"136":0,"137":0,"138":0,"139":0,"140":0,"141":0,"142":0,"143":0,"144":0,"145":0,"146":0,"147":1,"148":0,"149":0,"150":0,"151":0,"152":0,"153":0,"154":0,"155":0,"156":0,"157":0,"158":0,"159":0,"160":0,"161":1,"162":0,"163":0,"164":0,"165":0,"166":0,"167":0,"168":0,"169":0,"170":0,"171":0,"172":0,"173":0,"174":0,"175":0,"176":0,"177":0,"178":0,"179":0,"180":0,"181":0,"182":0,"183":0,"184":0,"185":1,"186":0,"187":0,"188":0,"189":0,"190":0,"191":0,"192":0,"193":0,"194":0,"195":0,"196":0,"197":0,"198":0,"199":0,"200":0,"201":0,"202":1,"203":0,"204":0,"205":0,"206":0,"207":0,"208":1,"209":0,"210":0,"211":0,"212":0,"213":0,"214":0,"215":1},"b":{"1":[0,1],"2":[1,0],"3":[1,0],"4":[1,0],"5":[1,1],"6":[0,0],"7":[0,1],"8":[0,0],"9":[0,0],"10":[0,0],"11":[0,0],"12":[0,0],"13":[0,0],"14":[0,0],"15":[0,0],"16":[0,0],"17":[0,0],"18":[0,0],"19":[0,0],"20":[0,0],"21":[0,0],"22":[0,0],"23":[0,0],"24":[0,0],"25":[0,0],"26":[0,0],"27":[0,0],"28":[0,0],"29":[0,0],"30":[0,0],"31":[0,0],"32":[0,0],"33":[0,0],"34":[0,0],"35":[0,0],"36":[0,0],"37":[0,0],"38":[0,0],"39":[0,0,0],"40":[0,0],"41":[0,0,0],"42":[0,0],"43":[0,0],"44":[0,0],"45":[0,0],"46":[0,0],"47":[0,0],"48":[0,0],"49":[0,0,0],"50":[0,0],"51":[0,0],"52":[0,0],"53":[0,0],"54":[0,0],"55":[0,0,0,0],"56":[0,0,0,0],"57":[0,0],"58":[0,0,0,0],"59":[0,0],"60":[0,0],"61":[0,0],"62":[0,0,0,0],"63":[0,0],"64":[0,0],"65":[0,0],"66":[0,0,0,0],"67":[0,0,0,0],"68":[0,0],"69":[0,0,0,0],"70":[0,0],"71":[0,0,0,0],"72":[0,0],"73":[0,0],"74":[0,0],"75":[0,0],"76":[0,0]},"f":{"1":1,"2":0,"3":1,"4":0,"5":4,"6":0,"7":0,"8":0,"9":0,"10":0,"11":0,"12":0,"13":0,"14":0,"15":0,"16":0,"17":0,"18":0,"19":0,"20":0,"21":0,"22":0,"23":0,"24":0,"25":0,"26":0},"fnMap":{"1":{"name":"(anonymous_1)","line":5,"loc":{"start":{"line":5,"column":2},"end":{"line":5,"column":26}}},"2":{"name":"(anonymous_2)","line":9,"loc":{"start":{"line":9,"column":15},"end":{"line":9,"column":26}}},"3":{"name":"(anonymous_3)","line":21,"loc":{"start":{"line":21,"column":8},"end":{"line":21,"column":28}}},"4":{"name":"(anonymous_4)","line":35,"loc":{"start":{"line":35,"column":6},"end":{"line":35,"column":17}}},"5":{"name":"inherits","line":44,"loc":{"start":{"line":44,"column":2},"end":{"line":44,"column":37}}},"6":{"name":"Diff","line":56,"loc":{"start":{"line":56,"column":2},"end":{"line":56,"column":28}}},"7":{"name":"DiffEdit","line":69,"loc":{"start":{"line":69,"column":2},"end":{"line":69,"column":41}}},"8":{"name":"DiffNew","line":82,"loc":{"start":{"line":82,"column":2},"end":{"line":82,"column":32}}},"9":{"name":"DiffDeleted","line":91,"loc":{"start":{"line":91,"column":2},"end":{"line":91,"column":36}}},"10":{"name":"DiffArray","line":100,"loc":{"start":{"line":100,"column":2},"end":{"line":100,"column":40}}},"11":{"name":"arrayRemove","line":113,"loc":{"start":{"line":113,"column":2},"end":{"line":113,"column":38}}},"12":{"name":"realTypeOf","line":120,"loc":{"start":{"line":120,"column":2},"end":{"line":120,"column":31}}},"13":{"name":"deepDiff","line":140,"loc":{"start":{"line":140,"column":2},"end":{"line":140,"column":68}}},"14":{"name":"(anonymous_14)","line":197,"loc":{"start":{"line":197,"column":24},"end":{"line":197,"column":39}}},"15":{"name":"(anonymous_15)","line":206,"loc":{"start":{"line":206,"column":24},"end":{"line":206,"column":36}}},"16":{"name":"accumulateDiff","line":219,"loc":{"start":{"line":219,"column":2},"end":{"line":219,"column":54}}},"17":{"name":"(anonymous_17)","line":222,"loc":{"start":{"line":222,"column":6},"end":{"line":222,"column":21}}},"18":{"name":"applyArrayChange","line":231,"loc":{"start":{"line":231,"column":2},"end":{"line":231,"column":48}}},"19":{"name":"applyChange","line":267,"loc":{"start":{"line":267,"column":2},"end":{"line":267,"column":47}}},"20":{"name":"revertArrayChange","line":293,"loc":{"start":{"line":293,"column":2},"end":{"line":293,"column":49}}},"21":{"name":"revertChange","line":335,"loc":{"start":{"line":335,"column":2},"end":{"line":335,"column":48}}},"22":{"name":"applyDiff","line":368,"loc":{"start":{"line":368,"column":2},"end":{"line":368,"column":45}}},"23":{"name":"(anonymous_23)","line":370,"loc":{"start":{"line":370,"column":21},"end":{"line":370,"column":38}}},"24":{"name":"(anonymous_24)","line":402,"loc":{"start":{"line":402,"column":13},"end":{"line":402,"column":24}}},"25":{"name":"(anonymous_25)","line":408,"loc":{"start":{"line":408,"column":13},"end":{"line":408,"column":24}}},"26":{"name":"(anonymous_26)","line":410,"loc":{"start":{"line":410,"column":37},"end":{"line":410,"column":50}}}},"statementMap":{"1":{"start":{"line":5,"column":1},"end":{"line":422,"column":4}},"2":{"start":{"line":7,"column":2},"end":{"line":20,"column":3}},"3":{"start":{"line":9,"column":4},"end":{"line":11,"column":7}},"4":{"start":{"line":10,"column":6},"end":{"line":10,"column":23}},"5":{"start":{"line":12,"column":9},"end":{"line":20,"column":3}},"6":{"start":{"line":16,"column":4},"end":{"line":16,"column":31}},"7":{"start":{"line":19,"column":4},"end":{"line":19,"column":30}},"8":{"start":{"line":24,"column":2},"end":{"line":24,"column":48}},"9":{"start":{"line":25,"column":2},"end":{"line":31,"column":3}},"10":{"start":{"line":26,"column":4},"end":{"line":26,"column":20}},"11":{"start":{"line":27,"column":9},"end":{"line":31,"column":3}},"12":{"start":{"line":28,"column":4},"end":{"line":28,"column":20}},"13":{"start":{"line":30,"column":4},"end":{"line":30,"column":16}},"14":{"start":{"line":32,"column":2},"end":{"line":32,"column":29}},"15":{"start":{"line":33,"column":2},"end":{"line":41,"column":3}},"16":{"start":{"line":34,"column":4},"end":{"line":40,"column":9}},"17":{"start":{"line":36,"column":8},"end":{"line":39,"column":9}},"18":{"start":{"line":37,"column":10},"end":{"line":37,"column":37}},"19":{"start":{"line":38,"column":10},"end":{"line":38,"column":31}},"20":{"start":{"line":44,"column":2},"end":{"line":54,"column":3}},"21":{"start":{"line":45,"column":4},"end":{"line":45,"column":28}},"22":{"start":{"line":46,"column":4},"end":{"line":53,"column":7}},"23":{"start":{"line":56,"column":2},"end":{"line":67,"column":3}},"24":{"start":{"line":57,"column":4},"end":{"line":60,"column":7}},"25":{"start":{"line":61,"column":4},"end":{"line":66,"column":5}},"26":{"start":{"line":62,"column":6},"end":{"line":65,"column":9}},"27":{"start":{"line":69,"column":2},"end":{"line":79,"column":3}},"28":{"start":{"line":70,"column":4},"end":{"line":70,"column":42}},"29":{"start":{"line":71,"column":4},"end":{"line":74,"column":7}},"30":{"start":{"line":75,"column":4},"end":{"line":78,"column":7}},"31":{"start":{"line":80,"column":2},"end":{"line":80,"column":27}},"32":{"start":{"line":82,"column":2},"end":{"line":88,"column":3}},"33":{"start":{"line":83,"column":4},"end":{"line":83,"column":41}},"34":{"start":{"line":84,"column":4},"end":{"line":87,"column":7}},"35":{"start":{"line":89,"column":2},"end":{"line":89,"column":26}},"36":{"start":{"line":91,"column":2},"end":{"line":97,"column":3}},"37":{"start":{"line":92,"column":4},"end":{"line":92,"column":45}},"38":{"start":{"line":93,"column":4},"end":{"line":96,"column":7}},"39":{"start":{"line":98,"column":2},"end":{"line":98,"column":30}},"40":{"start":{"line":100,"column":2},"end":{"line":110,"column":3}},"41":{"start":{"line":101,"column":4},"end":{"line":101,"column":43}},"42":{"start":{"line":102,"column":4},"end":{"line":105,"column":7}},"43":{"start":{"line":106,"column":4},"end":{"line":109,"column":7}},"44":{"start":{"line":111,"column":2},"end":{"line":111,"column":28}},"45":{"start":{"line":113,"column":2},"end":{"line":118,"column":3}},"46":{"start":{"line":114,"column":4},"end":{"line":114,"column":57}},"47":{"start":{"line":115,"column":4},"end":{"line":115,"column":53}},"48":{"start":{"line":116,"column":4},"end":{"line":116,"column":30}},"49":{"start":{"line":117,"column":4},"end":{"line":117,"column":15}},"50":{"start":{"line":120,"column":2},"end":{"line":138,"column":3}},"51":{"start":{"line":121,"column":4},"end":{"line":121,"column":30}},"52":{"start":{"line":122,"column":4},"end":{"line":124,"column":5}},"53":{"start":{"line":123,"column":6},"end":{"line":123,"column":18}},"54":{"start":{"line":126,"column":4},"end":{"line":136,"column":5}},"55":{"start":{"line":127,"column":6},"end":{"line":127,"column":20}},"56":{"start":{"line":128,"column":11},"end":{"line":136,"column":5}},"57":{"start":{"line":129,"column":6},"end":{"line":129,"column":20}},"58":{"start":{"line":130,"column":11},"end":{"line":136,"column":5}},"59":{"start":{"line":131,"column":6},"end":{"line":131,"column":21}},"60":{"start":{"line":132,"column":11},"end":{"line":136,"column":5}},"61":{"start":{"line":133,"column":6},"end":{"line":133,"column":20}},"62":{"start":{"line":134,"column":11},"end":{"line":136,"column":5}},"63":{"start":{"line":135,"column":6},"end":{"line":135,"column":22}},"64":{"start":{"line":137,"column":4},"end":{"line":137,"column":20}},"65":{"start":{"line":140,"column":2},"end":{"line":217,"column":3}},"66":{"start":{"line":141,"column":4},"end":{"line":141,"column":22}},"67":{"start":{"line":142,"column":4},"end":{"line":142,"column":36}},"68":{"start":{"line":143,"column":4},"end":{"line":158,"column":5}},"69":{"start":{"line":144,"column":6},"end":{"line":156,"column":7}},"70":{"start":{"line":145,"column":8},"end":{"line":155,"column":9}},"71":{"start":{"line":145,"column":79},"end":{"line":145,"column":86}},"72":{"start":{"line":146,"column":13},"end":{"line":155,"column":9}},"73":{"start":{"line":147,"column":10},"end":{"line":147,"column":87}},"74":{"start":{"line":147,"column":78},"end":{"line":147,"column":85}},"75":{"start":{"line":148,"column":10},"end":{"line":154,"column":11}},"76":{"start":{"line":149,"column":12},"end":{"line":149,"column":70}},"77":{"start":{"line":150,"column":12},"end":{"line":153,"column":13}},"78":{"start":{"line":151,"column":14},"end":{"line":151,"column":27}},"79":{"start":{"line":152,"column":14},"end":{"line":152,"column":27}},"80":{"start":{"line":157,"column":6},"end":{"line":157,"column":28}},"81":{"start":{"line":161,"column":4},"end":{"line":164,"column":5}},"82":{"start":{"line":162,"column":6},"end":{"line":162,"column":27}},"83":{"start":{"line":163,"column":6},"end":{"line":163,"column":27}},"84":{"start":{"line":166,"column":4},"end":{"line":166,"column":27}},"85":{"start":{"line":167,"column":4},"end":{"line":167,"column":27}},"86":{"start":{"line":168,"column":4},"end":{"line":216,"column":5}},"87":{"start":{"line":169,"column":6},"end":{"line":171,"column":7}},"88":{"start":{"line":170,"column":8},"end":{"line":170,"column":47}},"89":{"start":{"line":172,"column":11},"end":{"line":216,"column":5}},"90":{"start":{"line":173,"column":6},"end":{"line":173,"column":49}},"91":{"start":{"line":174,"column":11},"end":{"line":216,"column":5}},"92":{"start":{"line":175,"column":6},"end":{"line":175,"column":51}},"93":{"start":{"line":176,"column":11},"end":{"line":216,"column":5}},"94":{"start":{"line":177,"column":6},"end":{"line":177,"column":51}},"95":{"start":{"line":178,"column":11},"end":{"line":216,"column":5}},"96":{"start":{"line":179,"column":6},"end":{"line":179,"column":26}},"97":{"start":{"line":180,"column":6},"end":{"line":211,"column":7}},"98":{"start":{"line":181,"column":8},"end":{"line":181,"column":24}},"99":{"start":{"line":182,"column":8},"end":{"line":209,"column":9}},"100":{"start":{"line":183,"column":10},"end":{"line":183,"column":34}},"101":{"start":{"line":184,"column":10},"end":{"line":190,"column":11}},"102":{"start":{"line":185,"column":12},"end":{"line":189,"column":13}},"103":{"start":{"line":186,"column":14},"end":{"line":186,"column":89}},"104":{"start":{"line":188,"column":14},"end":{"line":188,"column":82}},"105":{"start":{"line":191,"column":10},"end":{"line":193,"column":11}},"106":{"start":{"line":192,"column":12},"end":{"line":192,"column":85}},"107":{"start":{"line":195,"column":10},"end":{"line":195,"column":39}},"108":{"start":{"line":196,"column":10},"end":{"line":196,"column":39}},"109":{"start":{"line":197,"column":10},"end":{"line":205,"column":13}},"110":{"start":{"line":198,"column":12},"end":{"line":198,"column":41}},"111":{"start":{"line":199,"column":12},"end":{"line":204,"column":13}},"112":{"start":{"line":200,"column":14},"end":{"line":200,"column":82}},"113":{"start":{"line":201,"column":14},"end":{"line":201,"column":48}},"114":{"start":{"line":203,"column":14},"end":{"line":203,"column":85}},"115":{"start":{"line":206,"column":10},"end":{"line":208,"column":13}},"116":{"start":{"line":207,"column":12},"end":{"line":207,"column":83}},"117":{"start":{"line":210,"column":8},"end":{"line":210,"column":40}},"118":{"start":{"line":212,"column":11},"end":{"line":216,"column":5}},"119":{"start":{"line":213,"column":6},"end":{"line":215,"column":7}},"120":{"start":{"line":214,"column":8},"end":{"line":214,"column":53}},"121":{"start":{"line":219,"column":2},"end":{"line":229,"column":3}},"122":{"start":{"line":220,"column":4},"end":{"line":220,"column":24}},"123":{"start":{"line":221,"column":4},"end":{"line":227,"column":17}},"124":{"start":{"line":223,"column":8},"end":{"line":225,"column":9}},"125":{"start":{"line":224,"column":10},"end":{"line":224,"column":27}},"126":{"start":{"line":228,"column":4},"end":{"line":228,"column":46}},"127":{"start":{"line":231,"column":2},"end":{"line":265,"column":3}},"128":{"start":{"line":232,"column":4},"end":{"line":263,"column":5}},"129":{"start":{"line":233,"column":6},"end":{"line":234,"column":40}},"130":{"start":{"line":235,"column":6},"end":{"line":237,"column":7}},"131":{"start":{"line":236,"column":8},"end":{"line":236,"column":32}},"132":{"start":{"line":238,"column":6},"end":{"line":249,"column":7}},"133":{"start":{"line":240,"column":10},"end":{"line":240,"column":74}},"134":{"start":{"line":241,"column":10},"end":{"line":241,"column":16}},"135":{"start":{"line":243,"column":10},"end":{"line":243,"column":36}},"136":{"start":{"line":244,"column":10},"end":{"line":244,"column":16}},"137":{"start":{"line":247,"column":10},"end":{"line":247,"column":42}},"138":{"start":{"line":248,"column":10},"end":{"line":248,"column":16}},"139":{"start":{"line":251,"column":6},"end":{"line":262,"column":7}},"140":{"start":{"line":253,"column":10},"end":{"line":253,"column":66}},"141":{"start":{"line":254,"column":10},"end":{"line":254,"column":16}},"142":{"start":{"line":256,"column":10},"end":{"line":256,"column":40}},"143":{"start":{"line":257,"column":10},"end":{"line":257,"column":16}},"144":{"start":{"line":260,"column":10},"end":{"line":260,"column":34}},"145":{"start":{"line":261,"column":10},"end":{"line":261,"column":16}},"146":{"start":{"line":264,"column":4},"end":{"line":264,"column":15}},"147":{"start":{"line":267,"column":2},"end":{"line":291,"column":3}},"148":{"start":{"line":268,"column":4},"end":{"line":290,"column":5}},"149":{"start":{"line":269,"column":6},"end":{"line":271,"column":58}},"150":{"start":{"line":272,"column":6},"end":{"line":277,"column":7}},"151":{"start":{"line":273,"column":8},"end":{"line":275,"column":9}},"152":{"start":{"line":274,"column":10},"end":{"line":274,"column":78}},"153":{"start":{"line":276,"column":8},"end":{"line":276,"column":32}},"154":{"start":{"line":278,"column":6},"end":{"line":289,"column":7}},"155":{"start":{"line":280,"column":10},"end":{"line":280,"column":93}},"156":{"start":{"line":281,"column":10},"end":{"line":281,"column":16}},"157":{"start":{"line":283,"column":10},"end":{"line":283,"column":36}},"158":{"start":{"line":284,"column":10},"end":{"line":284,"column":16}},"159":{"start":{"line":287,"column":10},"end":{"line":287,"column":42}},"160":{"start":{"line":288,"column":10},"end":{"line":288,"column":16}},"161":{"start":{"line":293,"column":2},"end":{"line":333,"column":3}},"162":{"start":{"line":294,"column":4},"end":{"line":331,"column":5}},"163":{"start":{"line":296,"column":6},"end":{"line":297,"column":40}},"164":{"start":{"line":298,"column":6},"end":{"line":300,"column":7}},"165":{"start":{"line":299,"column":8},"end":{"line":299,"column":32}},"166":{"start":{"line":301,"column":6},"end":{"line":314,"column":7}},"167":{"start":{"line":303,"column":10},"end":{"line":303,"column":75}},"168":{"start":{"line":304,"column":10},"end":{"line":304,"column":16}},"169":{"start":{"line":306,"column":10},"end":{"line":306,"column":42}},"170":{"start":{"line":307,"column":10},"end":{"line":307,"column":16}},"171":{"start":{"line":309,"column":10},"end":{"line":309,"column":42}},"172":{"start":{"line":310,"column":10},"end":{"line":310,"column":16}},"173":{"start":{"line":312,"column":10},"end":{"line":312,"column":36}},"174":{"start":{"line":313,"column":10},"end":{"line":313,"column":16}},"175":{"start":{"line":317,"column":6},"end":{"line":330,"column":7}},"176":{"start":{"line":319,"column":10},"end":{"line":319,"column":67}},"177":{"start":{"line":320,"column":10},"end":{"line":320,"column":16}},"178":{"start":{"line":322,"column":10},"end":{"line":322,"column":34}},"179":{"start":{"line":323,"column":10},"end":{"line":323,"column":16}},"180":{"start":{"line":325,"column":10},"end":{"line":325,"column":34}},"181":{"start":{"line":326,"column":10},"end":{"line":326,"column":16}},"182":{"start":{"line":328,"column":10},"end":{"line":328,"column":40}},"183":{"start":{"line":329,"column":10},"end":{"line":329,"column":16}},"184":{"start":{"line":332,"column":4},"end":{"line":332,"column":15}},"185":{"start":{"line":335,"column":2},"end":{"line":366,"column":3}},"186":{"start":{"line":336,"column":4},"end":{"line":365,"column":5}},"187":{"start":{"line":337,"column":6},"end":{"line":338,"column":15}},"188":{"start":{"line":339,"column":6},"end":{"line":339,"column":33}},"189":{"start":{"line":340,"column":6},"end":{"line":345,"column":7}},"190":{"start":{"line":341,"column":8},"end":{"line":343,"column":9}},"191":{"start":{"line":342,"column":10},"end":{"line":342,"column":34}},"192":{"start":{"line":344,"column":8},"end":{"line":344,"column":32}},"193":{"start":{"line":346,"column":6},"end":{"line":364,"column":7}},"194":{"start":{"line":350,"column":10},"end":{"line":350,"column":75}},"195":{"start":{"line":351,"column":10},"end":{"line":351,"column":16}},"196":{"start":{"line":354,"column":10},"end":{"line":354,"column":42}},"197":{"start":{"line":355,"column":10},"end":{"line":355,"column":16}},"198":{"start":{"line":358,"column":10},"end":{"line":358,"column":42}},"199":{"start":{"line":359,"column":10},"end":{"line":359,"column":16}},"200":{"start":{"line":362,"column":10},"end":{"line":362,"column":36}},"201":{"start":{"line":363,"column":10},"end":{"line":363,"column":16}},"202":{"start":{"line":368,"column":2},"end":{"line":377,"column":3}},"203":{"start":{"line":369,"column":4},"end":{"line":376,"column":5}},"204":{"start":{"line":370,"column":6},"end":{"line":374,"column":8}},"205":{"start":{"line":371,"column":8},"end":{"line":373,"column":9}},"206":{"start":{"line":372,"column":10},"end":{"line":372,"column":46}},"207":{"start":{"line":375,"column":6},"end":{"line":375,"column":41}},"208":{"start":{"line":379,"column":2},"end":{"line":419,"column":5}},"209":{"start":{"line":403,"column":8},"end":{"line":403,"column":47}},"210":{"start":{"line":409,"column":8},"end":{"line":414,"column":9}},"211":{"start":{"line":410,"column":10},"end":{"line":412,"column":13}},"212":{"start":{"line":411,"column":12},"end":{"line":411,"column":17}},"213":{"start":{"line":413,"column":10},"end":{"line":413,"column":36}},"214":{"start":{"line":415,"column":8},"end":{"line":415,"column":30}},"215":{"start":{"line":421,"column":2},"end":{"line":421,"column":24}}},"branchMap":{"1":{"line":7,"type":"if","locations":[{"start":{"line":7,"column":2},"end":{"line":7,"column":2}},{"start":{"line":7,"column":2},"end":{"line":7,"column":2}}]},"2":{"line":7,"type":"binary-expr","locations":[{"start":{"line":7,"column":6},"end":{"line":7,"column":34}},{"start":{"line":7,"column":38},"end":{"line":7,"column":48}}]},"3":{"line":12,"type":"if","locations":[{"start":{"line":12,"column":9},"end":{"line":12,"column":9}},{"start":{"line":12,"column":9},"end":{"line":12,"column":9}}]},"4":{"line":25,"type":"if","locations":[{"start":{"line":25,"column":2},"end":{"line":25,"column":2}},{"start":{"line":25,"column":2},"end":{"line":25,"column":2}}]},"5":{"line":25,"type":"binary-expr","locations":[{"start":{"line":25,"column":6},"end":{"line":25,"column":32}},{"start":{"line":25,"column":36},"end":{"line":25,"column":42}}]},"6":{"line":27,"type":"if","locations":[{"start":{"line":27,"column":9},"end":{"line":27,"column":9}},{"start":{"line":27,"column":9},"end":{"line":27,"column":9}}]},"7":{"line":33,"type":"if","locations":[{"start":{"line":33,"column":2},"end":{"line":33,"column":2}},{"start":{"line":33,"column":2},"end":{"line":33,"column":2}}]},"8":{"line":36,"type":"if","locations":[{"start":{"line":36,"column":8},"end":{"line":36,"column":8}},{"start":{"line":36,"column":8},"end":{"line":36,"column":8}}]},"9":{"line":36,"type":"binary-expr","locations":[{"start":{"line":36,"column":12},"end":{"line":36,"column":43}},{"start":{"line":36,"column":47},"end":{"line":36,"column":81}}]},"10":{"line":61,"type":"if","locations":[{"start":{"line":61,"column":4},"end":{"line":61,"column":4}},{"start":{"line":61,"column":4},"end":{"line":61,"column":4}}]},"11":{"line":61,"type":"binary-expr","locations":[{"start":{"line":61,"column":8},"end":{"line":61,"column":12}},{"start":{"line":61,"column":16},"end":{"line":61,"column":27}}]},"12":{"line":114,"type":"binary-expr","locations":[{"start":{"line":114,"column":25},"end":{"line":114,"column":41}},{"start":{"line":114,"column":45},"end":{"line":114,"column":55}}]},"13":{"line":114,"type":"binary-expr","locations":[{"start":{"line":114,"column":26},"end":{"line":114,"column":28}},{"start":{"line":114,"column":32},"end":{"line":114,"column":36}}]},"14":{"line":115,"type":"cond-expr","locations":[{"start":{"line":115,"column":28},"end":{"line":115,"column":45}},{"start":{"line":115,"column":48},"end":{"line":115,"column":52}}]},"15":{"line":122,"type":"if","locations":[{"start":{"line":122,"column":4},"end":{"line":122,"column":4}},{"start":{"line":122,"column":4},"end":{"line":122,"column":4}}]},"16":{"line":126,"type":"if","locations":[{"start":{"line":126,"column":4},"end":{"line":126,"column":4}},{"start":{"line":126,"column":4},"end":{"line":126,"column":4}}]},"17":{"line":128,"type":"if","locations":[{"start":{"line":128,"column":11},"end":{"line":128,"column":11}},{"start":{"line":128,"column":11},"end":{"line":128,"column":11}}]},"18":{"line":130,"type":"if","locations":[{"start":{"line":130,"column":11},"end":{"line":130,"column":11}},{"start":{"line":130,"column":11},"end":{"line":130,"column":11}}]},"19":{"line":132,"type":"if","locations":[{"start":{"line":132,"column":11},"end":{"line":132,"column":11}},{"start":{"line":132,"column":11},"end":{"line":132,"column":11}}]},"20":{"line":134,"type":"if","locations":[{"start":{"line":134,"column":11},"end":{"line":134,"column":11}},{"start":{"line":134,"column":11},"end":{"line":134,"column":11}}]},"21":{"line":134,"type":"binary-expr","locations":[{"start":{"line":134,"column":15},"end":{"line":134,"column":54}},{"start":{"line":134,"column":58},"end":{"line":134,"column":92}}]},"22":{"line":141,"type":"binary-expr","locations":[{"start":{"line":141,"column":11},"end":{"line":141,"column":15}},{"start":{"line":141,"column":19},"end":{"line":141,"column":21}}]},"23":{"line":143,"type":"if","locations":[{"start":{"line":143,"column":4},"end":{"line":143,"column":4}},{"start":{"line":143,"column":4},"end":{"line":143,"column":4}}]},"24":{"line":144,"type":"if","locations":[{"start":{"line":144,"column":6},"end":{"line":144,"column":6}},{"start":{"line":144,"column":6},"end":{"line":144,"column":6}}]},"25":{"line":145,"type":"if","locations":[{"start":{"line":145,"column":8},"end":{"line":145,"column":8}},{"start":{"line":145,"column":8},"end":{"line":145,"column":8}}]},"26":{"line":145,"type":"binary-expr","locations":[{"start":{"line":145,"column":12},"end":{"line":145,"column":44}},{"start":{"line":145,"column":48},"end":{"line":145,"column":75}}]},"27":{"line":146,"type":"if","locations":[{"start":{"line":146,"column":13},"end":{"line":146,"column":13}},{"start":{"line":146,"column":13},"end":{"line":146,"column":13}}]},"28":{"line":147,"type":"if","locations":[{"start":{"line":147,"column":10},"end":{"line":147,"column":10}},{"start":{"line":147,"column":10},"end":{"line":147,"column":10}}]},"29":{"line":147,"type":"binary-expr","locations":[{"start":{"line":147,"column":14},"end":{"line":147,"column":33}},{"start":{"line":147,"column":37},"end":{"line":147,"column":74}}]},"30":{"line":148,"type":"if","locations":[{"start":{"line":148,"column":10},"end":{"line":148,"column":10}},{"start":{"line":148,"column":10},"end":{"line":148,"column":10}}]},"31":{"line":150,"type":"if","locations":[{"start":{"line":150,"column":12},"end":{"line":150,"column":12}},{"start":{"line":150,"column":12},"end":{"line":150,"column":12}}]},"32":{"line":161,"type":"if","locations":[{"start":{"line":161,"column":4},"end":{"line":161,"column":4}},{"start":{"line":161,"column":4},"end":{"line":161,"column":4}}]},"33":{"line":161,"type":"binary-expr","locations":[{"start":{"line":161,"column":8},"end":{"line":161,"column":36}},{"start":{"line":161,"column":40},"end":{"line":161,"column":68}}]},"34":{"line":168,"type":"if","locations":[{"start":{"line":168,"column":4},"end":{"line":168,"column":4}},{"start":{"line":168,"column":4},"end":{"line":168,"column":4}}]},"35":{"line":169,"type":"if","locations":[{"start":{"line":169,"column":6},"end":{"line":169,"column":6}},{"start":{"line":169,"column":6},"end":{"line":169,"column":6}}]},"36":{"line":172,"type":"if","locations":[{"start":{"line":172,"column":11},"end":{"line":172,"column":11}},{"start":{"line":172,"column":11},"end":{"line":172,"column":11}}]},"37":{"line":174,"type":"if","locations":[{"start":{"line":174,"column":11},"end":{"line":174,"column":11}},{"start":{"line":174,"column":11},"end":{"line":174,"column":11}}]},"38":{"line":176,"type":"if","locations":[{"start":{"line":176,"column":11},"end":{"line":176,"column":11}},{"start":{"line":176,"column":11},"end":{"line":176,"column":11}}]},"39":{"line":176,"type":"binary-expr","locations":[{"start":{"line":176,"column":15},"end":{"line":176,"column":70}},{"start":{"line":176,"column":74},"end":{"line":176,"column":129}},{"start":{"line":176,"column":134},"end":{"line":176,"column":151}}]},"40":{"line":178,"type":"if","locations":[{"start":{"line":178,"column":11},"end":{"line":178,"column":11}},{"start":{"line":178,"column":11},"end":{"line":178,"column":11}}]},"41":{"line":178,"type":"binary-expr","locations":[{"start":{"line":178,"column":15},"end":{"line":178,"column":33}},{"start":{"line":178,"column":37},"end":{"line":178,"column":49}},{"start":{"line":178,"column":53},"end":{"line":178,"column":65}}]},"42":{"line":179,"type":"binary-expr","locations":[{"start":{"line":179,"column":14},"end":{"line":179,"column":19}},{"start":{"line":179,"column":23},"end":{"line":179,"column":25}}]},"43":{"line":180,"type":"if","locations":[{"start":{"line":180,"column":6},"end":{"line":180,"column":6}},{"start":{"line":180,"column":6},"end":{"line":180,"column":6}}]},"44":{"line":182,"type":"if","locations":[{"start":{"line":182,"column":8},"end":{"line":182,"column":8}},{"start":{"line":182,"column":8},"end":{"line":182,"column":8}}]},"45":{"line":185,"type":"if","locations":[{"start":{"line":185,"column":12},"end":{"line":185,"column":12}},{"start":{"line":185,"column":12},"end":{"line":185,"column":12}}]},"46":{"line":199,"type":"if","locations":[{"start":{"line":199,"column":12},"end":{"line":199,"column":12}},{"start":{"line":199,"column":12},"end":{"line":199,"column":12}}]},"47":{"line":212,"type":"if","locations":[{"start":{"line":212,"column":11},"end":{"line":212,"column":11}},{"start":{"line":212,"column":11},"end":{"line":212,"column":11}}]},"48":{"line":213,"type":"if","locations":[{"start":{"line":213,"column":6},"end":{"line":213,"column":6}},{"start":{"line":213,"column":6},"end":{"line":213,"column":6}}]},"49":{"line":213,"type":"binary-expr","locations":[{"start":{"line":213,"column":12},"end":{"line":213,"column":30}},{"start":{"line":213,"column":34},"end":{"line":213,"column":44}},{"start":{"line":213,"column":48},"end":{"line":213,"column":58}}]},"50":{"line":220,"type":"binary-expr","locations":[{"start":{"line":220,"column":12},"end":{"line":220,"column":17}},{"start":{"line":220,"column":21},"end":{"line":220,"column":23}}]},"51":{"line":223,"type":"if","locations":[{"start":{"line":223,"column":8},"end":{"line":223,"column":8}},{"start":{"line":223,"column":8},"end":{"line":223,"column":8}}]},"52":{"line":228,"type":"cond-expr","locations":[{"start":{"line":228,"column":28},"end":{"line":228,"column":33}},{"start":{"line":228,"column":36},"end":{"line":228,"column":45}}]},"53":{"line":232,"type":"if","locations":[{"start":{"line":232,"column":4},"end":{"line":232,"column":4}},{"start":{"line":232,"column":4},"end":{"line":232,"column":4}}]},"54":{"line":232,"type":"binary-expr","locations":[{"start":{"line":232,"column":8},"end":{"line":232,"column":19}},{"start":{"line":232,"column":23},"end":{"line":232,"column":41}}]},"55":{"line":238,"type":"switch","locations":[{"start":{"line":239,"column":8},"end":{"line":241,"column":16}},{"start":{"line":242,"column":8},"end":{"line":244,"column":16}},{"start":{"line":245,"column":8},"end":{"line":245,"column":17}},{"start":{"line":246,"column":8},"end":{"line":248,"column":16}}]},"56":{"line":251,"type":"switch","locations":[{"start":{"line":252,"column":8},"end":{"line":254,"column":16}},{"start":{"line":255,"column":8},"end":{"line":257,"column":16}},{"start":{"line":258,"column":8},"end":{"line":258,"column":17}},{"start":{"line":259,"column":8},"end":{"line":261,"column":16}}]},"57":{"line":268,"type":"if","locations":[{"start":{"line":268,"column":4},"end":{"line":268,"column":4}},{"start":{"line":268,"column":4},"end":{"line":268,"column":4}}]},"58":{"line":268,"type":"binary-expr","locations":[{"start":{"line":268,"column":8},"end":{"line":268,"column":14}},{"start":{"line":268,"column":18},"end":{"line":268,"column":24}},{"start":{"line":268,"column":28},"end":{"line":268,"column":34}},{"start":{"line":268,"column":38},"end":{"line":268,"column":49}}]},"59":{"line":271,"type":"cond-expr","locations":[{"start":{"line":271,"column":31},"end":{"line":271,"column":53}},{"start":{"line":271,"column":56},"end":{"line":271,"column":57}}]},"60":{"line":273,"type":"if","locations":[{"start":{"line":273,"column":8},"end":{"line":273,"column":8}},{"start":{"line":273,"column":8},"end":{"line":273,"column":8}}]},"61":{"line":274,"type":"cond-expr","locations":[{"start":{"line":274,"column":70},"end":{"line":274,"column":72}},{"start":{"line":274,"column":75},"end":{"line":274,"column":77}}]},"62":{"line":278,"type":"switch","locations":[{"start":{"line":279,"column":8},"end":{"line":281,"column":16}},{"start":{"line":282,"column":8},"end":{"line":284,"column":16}},{"start":{"line":285,"column":8},"end":{"line":285,"column":17}},{"start":{"line":286,"column":8},"end":{"line":288,"column":16}}]},"63":{"line":280,"type":"cond-expr","locations":[{"start":{"line":280,"column":41},"end":{"line":280,"column":59}},{"start":{"line":280,"column":62},"end":{"line":280,"column":64}}]},"64":{"line":294,"type":"if","locations":[{"start":{"line":294,"column":4},"end":{"line":294,"column":4}},{"start":{"line":294,"column":4},"end":{"line":294,"column":4}}]},"65":{"line":294,"type":"binary-expr","locations":[{"start":{"line":294,"column":8},"end":{"line":294,"column":19}},{"start":{"line":294,"column":23},"end":{"line":294,"column":41}}]},"66":{"line":301,"type":"switch","locations":[{"start":{"line":302,"column":8},"end":{"line":304,"column":16}},{"start":{"line":305,"column":8},"end":{"line":307,"column":16}},{"start":{"line":308,"column":8},"end":{"line":310,"column":16}},{"start":{"line":311,"column":8},"end":{"line":313,"column":16}}]},"67":{"line":317,"type":"switch","locations":[{"start":{"line":318,"column":8},"end":{"line":320,"column":16}},{"start":{"line":321,"column":8},"end":{"line":323,"column":16}},{"start":{"line":324,"column":8},"end":{"line":326,"column":16}},{"start":{"line":327,"column":8},"end":{"line":329,"column":16}}]},"68":{"line":336,"type":"if","locations":[{"start":{"line":336,"column":4},"end":{"line":336,"column":4}},{"start":{"line":336,"column":4},"end":{"line":336,"column":4}}]},"69":{"line":336,"type":"binary-expr","locations":[{"start":{"line":336,"column":8},"end":{"line":336,"column":14}},{"start":{"line":336,"column":18},"end":{"line":336,"column":24}},{"start":{"line":336,"column":28},"end":{"line":336,"column":34}},{"start":{"line":336,"column":38},"end":{"line":336,"column":49}}]},"70":{"line":341,"type":"if","locations":[{"start":{"line":341,"column":8},"end":{"line":341,"column":8}},{"start":{"line":341,"column":8},"end":{"line":341,"column":8}}]},"71":{"line":346,"type":"switch","locations":[{"start":{"line":347,"column":8},"end":{"line":351,"column":16}},{"start":{"line":352,"column":8},"end":{"line":355,"column":16}},{"start":{"line":356,"column":8},"end":{"line":359,"column":16}},{"start":{"line":360,"column":8},"end":{"line":363,"column":16}}]},"72":{"line":369,"type":"if","locations":[{"start":{"line":369,"column":4},"end":{"line":369,"column":4}},{"start":{"line":369,"column":4},"end":{"line":369,"column":4}}]},"73":{"line":369,"type":"binary-expr","locations":[{"start":{"line":369,"column":8},"end":{"line":369,"column":14}},{"start":{"line":369,"column":18},"end":{"line":369,"column":24}}]},"74":{"line":371,"type":"if","locations":[{"start":{"line":371,"column":8},"end":{"line":371,"column":8}},{"start":{"line":371,"column":8},"end":{"line":371,"column":8}}]},"75":{"line":371,"type":"binary-expr","locations":[{"start":{"line":371,"column":12},"end":{"line":371,"column":19}},{"start":{"line":371,"column":23},"end":{"line":371,"column":53}}]},"76":{"line":409,"type":"if","locations":[{"start":{"line":409,"column":8},"end":{"line":409,"column":8}},{"start":{"line":409,"column":8},"end":{"line":409,"column":8}}]}},"code":["/*!"," * deep-diff."," * Licensed under the MIT License."," */",";(function(root, factory) {","  'use strict';","  if (typeof define === 'function' && define.amd) {","    // AMD. Register as an anonymous module.","    define([], function() {","      return factory();","    });","  } else if (typeof exports === 'object') {","    // Node. Does not work with strict CommonJS, but","    // only CommonJS-like environments that support module.exports,","    // like Node.","    module.exports = factory();","  } else {","    // Browser globals (root is window)","    root.DeepDiff = factory();","  }","}(this, function(undefined) {","  'use strict';","","  var $scope, conflict, conflictResolution = [];","  if (typeof global === 'object' && global) {","    $scope = global;","  } else if (typeof window !== 'undefined') {","    $scope = window;","  } else {","    $scope = {};","  }","  conflict = $scope.DeepDiff;","  if (conflict) {","    conflictResolution.push(","      function() {","        if ('undefined' !== typeof conflict && $scope.DeepDiff === accumulateDiff) {","          $scope.DeepDiff = conflict;","          conflict = undefined;","        }","      });","  }","","  // nodejs compatible on server side and in the browser.","  function inherits(ctor, superCtor) {","    ctor.super_ = superCtor;","    ctor.prototype = Object.create(superCtor.prototype, {","      constructor: {","        value: ctor,","        enumerable: false,","        writable: true,","        configurable: true","      }","    });","  }","","  function Diff(kind, path) {","    Object.defineProperty(this, 'kind', {","      value: kind,","      enumerable: true","    });","    if (path && path.length) {","      Object.defineProperty(this, 'path', {","        value: path,","        enumerable: true","      });","    }","  }","","  function DiffEdit(path, origin, value) {","    DiffEdit.super_.call(this, 'E', path);","    Object.defineProperty(this, 'lhs', {","      value: origin,","      enumerable: true","    });","    Object.defineProperty(this, 'rhs', {","      value: value,","      enumerable: true","    });","  }","  inherits(DiffEdit, Diff);","","  function DiffNew(path, value) {","    DiffNew.super_.call(this, 'N', path);","    Object.defineProperty(this, 'rhs', {","      value: value,","      enumerable: true","    });","  }","  inherits(DiffNew, Diff);","","  function DiffDeleted(path, value) {","    DiffDeleted.super_.call(this, 'D', path);","    Object.defineProperty(this, 'lhs', {","      value: value,","      enumerable: true","    });","  }","  inherits(DiffDeleted, Diff);","","  function DiffArray(path, index, item) {","    DiffArray.super_.call(this, 'A', path);","    Object.defineProperty(this, 'index', {","      value: index,","      enumerable: true","    });","    Object.defineProperty(this, 'item', {","      value: item,","      enumerable: true","    });","  }","  inherits(DiffArray, Diff);","","  function arrayRemove(arr, from, to) {","    var rest = arr.slice((to || from) + 1 || arr.length);","    arr.length = from < 0 ? arr.length + from : from;","    arr.push.apply(arr, rest);","    return arr;","  }","","  function realTypeOf(subject) {","    var type = typeof subject;","    if (type !== 'object') {","      return type;","    }","","    if (subject === Math) {","      return 'math';","    } else if (subject === null) {","      return 'null';","    } else if (Array.isArray(subject)) {","      return 'array';","    } else if (Object.prototype.toString.call(subject) === '[object Date]') {","      return 'date';","    } else if (typeof subject.toString !== 'undefined' && /^\\/.*\\//.test(subject.toString())) {","      return 'regexp';","    }","    return 'object';","  }","","  function deepDiff(lhs, rhs, changes, prefilter, path, key, stack) {","    path = path || [];","    var currentPath = path.slice(0);","    if (typeof key !== 'undefined') {","      if (prefilter) {","        if (typeof(prefilter) === 'function' && prefilter(currentPath, key)) { return; }","        else if (typeof(prefilter) === 'object') {","          if (prefilter.prefilter && prefilter.prefilter(currentPath, key)) { return; }","          if (prefilter.normalize) {","            var alt = prefilter.normalize(currentPath, key, lhs, rhs);","            if (alt) {","              lhs = alt[0];","              rhs = alt[1];","            }","          }","        }","      }","      currentPath.push(key);","    }","","    // Use string comparison for regexes","    if (realTypeOf(lhs) === 'regexp' && realTypeOf(rhs) === 'regexp') {","      lhs = lhs.toString();","      rhs = rhs.toString();","    }","","    var ltype = typeof lhs;","    var rtype = typeof rhs;","    if (ltype === 'undefined') {","      if (rtype !== 'undefined') {","        changes(new DiffNew(currentPath, rhs));","      }","    } else if (rtype === 'undefined') {","      changes(new DiffDeleted(currentPath, lhs));","    } else if (realTypeOf(lhs) !== realTypeOf(rhs)) {","      changes(new DiffEdit(currentPath, lhs, rhs));","    } else if (Object.prototype.toString.call(lhs) === '[object Date]' && Object.prototype.toString.call(rhs) === '[object Date]' && ((lhs - rhs) !== 0)) {","      changes(new DiffEdit(currentPath, lhs, rhs));","    } else if (ltype === 'object' && lhs !== null && rhs !== null) {","      stack = stack || [];","      if (stack.indexOf(lhs) < 0) {","        stack.push(lhs);","        if (Array.isArray(lhs)) {","          var i, len = lhs.length;","          for (i = 0; i < lhs.length; i++) {","            if (i >= rhs.length) {","              changes(new DiffArray(currentPath, i, new DiffDeleted(undefined, lhs[i])));","            } else {","              deepDiff(lhs[i], rhs[i], changes, prefilter, currentPath, i, stack);","            }","          }","          while (i < rhs.length) {","            changes(new DiffArray(currentPath, i, new DiffNew(undefined, rhs[i++])));","          }","        } else {","          var akeys = Object.keys(lhs);","          var pkeys = Object.keys(rhs);","          akeys.forEach(function(k, i) {","            var other = pkeys.indexOf(k);","            if (other >= 0) {","              deepDiff(lhs[k], rhs[k], changes, prefilter, currentPath, k, stack);","              pkeys = arrayRemove(pkeys, other);","            } else {","              deepDiff(lhs[k], undefined, changes, prefilter, currentPath, k, stack);","            }","          });","          pkeys.forEach(function(k) {","            deepDiff(undefined, rhs[k], changes, prefilter, currentPath, k, stack);","          });","        }","        stack.length = stack.length - 1;","      }","    } else if (lhs !== rhs) {","      if (!(ltype === 'number' && isNaN(lhs) && isNaN(rhs))) {","        changes(new DiffEdit(currentPath, lhs, rhs));","      }","    }","  }","","  function accumulateDiff(lhs, rhs, prefilter, accum) {","    accum = accum || [];","    deepDiff(lhs, rhs,","      function(diff) {","        if (diff) {","          accum.push(diff);","        }","      },","      prefilter);","    return (accum.length) ? accum : undefined;","  }","","  function applyArrayChange(arr, index, change) {","    if (change.path && change.path.length) {","      var it = arr[index],","          i, u = change.path.length - 1;","      for (i = 0; i < u; i++) {","        it = it[change.path[i]];","      }","      switch (change.kind) {","        case 'A':","          applyArrayChange(it[change.path[i]], change.index, change.item);","          break;","        case 'D':","          delete it[change.path[i]];","          break;","        case 'E':","        case 'N':","          it[change.path[i]] = change.rhs;","          break;","      }","    } else {","      switch (change.kind) {","        case 'A':","          applyArrayChange(arr[index], change.index, change.item);","          break;","        case 'D':","          arr = arrayRemove(arr, index);","          break;","        case 'E':","        case 'N':","          arr[index] = change.rhs;","          break;","      }","    }","    return arr;","  }","","  function applyChange(target, source, change) {","    if (target && source && change && change.kind) {","      var it = target,","          i = -1,","          last = change.path ? change.path.length - 1 : 0;","      while (++i < last) {","        if (typeof it[change.path[i]] === 'undefined') {","          it[change.path[i]] = (typeof change.path[i] === 'number') ? [] : {};","        }","        it = it[change.path[i]];","      }","      switch (change.kind) {","        case 'A':","          applyArrayChange(change.path ? it[change.path[i]] : it, change.index, change.item);","          break;","        case 'D':","          delete it[change.path[i]];","          break;","        case 'E':","        case 'N':","          it[change.path[i]] = change.rhs;","          break;","      }","    }","  }","","  function revertArrayChange(arr, index, change) {","    if (change.path && change.path.length) {","      // the structure of the object at the index has changed...","      var it = arr[index],","          i, u = change.path.length - 1;","      for (i = 0; i < u; i++) {","        it = it[change.path[i]];","      }","      switch (change.kind) {","        case 'A':","          revertArrayChange(it[change.path[i]], change.index, change.item);","          break;","        case 'D':","          it[change.path[i]] = change.lhs;","          break;","        case 'E':","          it[change.path[i]] = change.lhs;","          break;","        case 'N':","          delete it[change.path[i]];","          break;","      }","    } else {","      // the array item is different...","      switch (change.kind) {","        case 'A':","          revertArrayChange(arr[index], change.index, change.item);","          break;","        case 'D':","          arr[index] = change.lhs;","          break;","        case 'E':","          arr[index] = change.lhs;","          break;","        case 'N':","          arr = arrayRemove(arr, index);","          break;","      }","    }","    return arr;","  }","","  function revertChange(target, source, change) {","    if (target && source && change && change.kind) {","      var it = target,","          i, u;","      u = change.path.length - 1;","      for (i = 0; i < u; i++) {","        if (typeof it[change.path[i]] === 'undefined') {","          it[change.path[i]] = {};","        }","        it = it[change.path[i]];","      }","      switch (change.kind) {","        case 'A':","          // Array was modified...","          // it will be an array...","          revertArrayChange(it[change.path[i]], change.index, change.item);","          break;","        case 'D':","          // Item was deleted...","          it[change.path[i]] = change.lhs;","          break;","        case 'E':","          // Item was edited...","          it[change.path[i]] = change.lhs;","          break;","        case 'N':","          // Item is new...","          delete it[change.path[i]];","          break;","      }","    }","  }","","  function applyDiff(target, source, filter) {","    if (target && source) {","      var onChange = function(change) {","        if (!filter || filter(target, source, change)) {","          applyChange(target, source, change);","        }","      };","      deepDiff(target, source, onChange);","    }","  }","","  Object.defineProperties(accumulateDiff, {","","    diff: {","      value: accumulateDiff,","      enumerable: true","    },","    observableDiff: {","      value: deepDiff,","      enumerable: true","    },","    applyDiff: {","      value: applyDiff,","      enumerable: true","    },","    applyChange: {","      value: applyChange,","      enumerable: true","    },","    revertChange: {","      value: revertChange,","      enumerable: true","    },","    isConflict: {","      value: function() {","        return 'undefined' !== typeof conflict;","      },","      enumerable: true","    },","    noConflict: {","      value: function() {","        if (conflictResolution) {","          conflictResolution.forEach(function(it) {","            it();","          });","          conflictResolution = null;","        }","        return accumulateDiff;","      },","      enumerable: true","    }","  });","","  return accumulateDiff;","}));",""],"l":{"5":1,"7":1,"9":0,"10":0,"12":1,"16":1,"19":0,"24":1,"25":1,"26":1,"27":0,"28":0,"30":0,"32":1,"33":1,"34":0,"36":0,"37":0,"38":0,"44":1,"45":4,"46":4,"56":1,"57":0,"61":0,"62":0,"69":1,"70":0,"71":0,"75":0,"80":1,"82":1,"83":0,"84":0,"89":1,"91":1,"92":0,"93":0,"98":1,"100":1,"101":0,"102":0,"106":0,"111":1,"113":1,"114":0,"115":0,"116":0,"117":0,"120":1,"121":0,"122":0,"123":0,"126":0,"127":0,"128":0,"129":0,"130":0,"131":0,"132":0,"133":0,"134":0,"135":0,"137":0,"140":1,"141":0,"142":0,"143":0,"144":0,"145":0,"146":0,"147":0,"148":0,"149":0,"150":0,"151":0,"152":0,"157":0,"161":0,"162":0,"163":0,"166":0,"167":0,"168":0,"169":0,"170":0,"172":0,"173":0,"174":0,"175":0,"176":0,"177":0,"178":0,"179":0,"180":0,"181":0,"182":0,"183":0,"184":0,"185":0,"186":0,"188":0,"191":0,"192":0,"195":0,"196":0,"197":0,"198":0,"199":0,"200":0,"201":0,"203":0,"206":0,"207":0,"210":0,"212":0,"213":0,"214":0,"219":1,"220":0,"221":0,"223":0,"224":0,"228":0,"231":1,"232":0,"233":0,"235":0,"236":0,"238":0,"240":0,"241":0,"243":0,"244":0,"247":0,"248":0,"251":0,"253":0,"254":0,"256":0,"257":0,"260":0,"261":0,"264":0,"267":1,"268":0,"269":0,"272":0,"273":0,"274":0,"276":0,"278":0,"280":0,"281":0,"283":0,"284":0,"287":0,"288":0,"293":1,"294":0,"296":0,"298":0,"299":0,"301":0,"303":0,"304":0,"306":0,"307":0,"309":0,"310":0,"312":0,"313":0,"317":0,"319":0,"320":0,"322":0,"323":0,"325":0,"326":0,"328":0,"329":0,"332":0,"335":1,"336":0,"337":0,"339":0,"340":0,"341":0,"342":0,"344":0,"346":0,"350":0,"351":0,"354":0,"355":0,"358":0,"359":0,"362":0,"363":0,"368":1,"369":0,"370":0,"371":0,"372":0,"375":0,"379":1,"403":0,"409":0,"410":0,"411":0,"413":0,"415":0,"421":1}}}